{"/Users/yuruluo/Desktop/OnchainWalletDemoExpo/expo-env.d.ts": {"path":"/Users/yuruluo/Desktop/OnchainWalletDemoExpo/expo-env.d.ts","statementMap":{},"fnMap":{},"branchMap":{},"s":{},"f":{},"b":{}}
,"/Users/yuruluo/Desktop/OnchainWalletDemoExpo/jest.config.js": {"path":"/Users/yuruluo/Desktop/OnchainWalletDemoExpo/jest.config.js","statementMap":{"0":{"start":{"line":1,"column":0},"end":{"line":23,"column":2}}},"fnMap":{},"branchMap":{},"s":{"0":0},"f":{},"b":{}}
,"/Users/yuruluo/Desktop/OnchainWalletDemoExpo/.expo/types/router.d.ts": {"path":"/Users/yuruluo/Desktop/OnchainWalletDemoExpo/.expo/types/router.d.ts","statementMap":{},"fnMap":{},"branchMap":{},"s":{},"f":{},"b":{}}
,"/Users/yuruluo/Desktop/OnchainWalletDemoExpo/app/+not-found.tsx": {"path":"/Users/yuruluo/Desktop/OnchainWalletDemoExpo/app/+not-found.tsx","statementMap":{"0":{"start":{"line":8,"column":2},"end":{"line":18,"column":4}},"1":{"start":{"line":21,"column":15},"end":{"line":32,"column":2}}},"fnMap":{"0":{"name":"NotFoundScreen","decl":{"start":{"line":7,"column":24},"end":{"line":7,"column":38}},"loc":{"start":{"line":7,"column":41},"end":{"line":19,"column":1}},"line":7}},"branchMap":{},"s":{"0":0,"1":0},"f":{"0":0},"b":{}}
,"/Users/yuruluo/Desktop/OnchainWalletDemoExpo/app/_layout.tsx": {"path":"/Users/yuruluo/Desktop/OnchainWalletDemoExpo/app/_layout.tsx","statementMap":{"0":{"start":{"line":13,"column":0},"end":{"line":13,"column":36}},"1":{"start":{"line":16,"column":22},"end":{"line":16,"column":38}},"2":{"start":{"line":17,"column":19},"end":{"line":19,"column":4}},"3":{"start":{"line":21,"column":2},"end":{"line":25,"column":15}},"4":{"start":{"line":22,"column":4},"end":{"line":24,"column":5}},"5":{"start":{"line":23,"column":6},"end":{"line":23,"column":31}},"6":{"start":{"line":27,"column":2},"end":{"line":29,"column":3}},"7":{"start":{"line":28,"column":4},"end":{"line":28,"column":16}},"8":{"start":{"line":31,"column":2},"end":{"line":72,"column":4}}},"fnMap":{"0":{"name":"RootLayout","decl":{"start":{"line":15,"column":24},"end":{"line":15,"column":34}},"loc":{"start":{"line":15,"column":37},"end":{"line":73,"column":1}},"line":15},"1":{"name":"(anonymous_1)","decl":{"start":{"line":21,"column":12},"end":{"line":21,"column":13}},"loc":{"start":{"line":21,"column":18},"end":{"line":25,"column":3}},"line":21}},"branchMap":{"0":{"loc":{"start":{"line":22,"column":4},"end":{"line":24,"column":5}},"type":"if","locations":[{"start":{"line":22,"column":4},"end":{"line":24,"column":5}},{"start":{},"end":{}}],"line":22},"1":{"loc":{"start":{"line":27,"column":2},"end":{"line":29,"column":3}},"type":"if","locations":[{"start":{"line":27,"column":2},"end":{"line":29,"column":3}},{"start":{},"end":{}}],"line":27},"2":{"loc":{"start":{"line":33,"column":28},"end":{"line":33,"column":77}},"type":"cond-expr","locations":[{"start":{"line":33,"column":53},"end":{"line":33,"column":62}},{"start":{"line":33,"column":65},"end":{"line":33,"column":77}}],"line":33}},"s":{"0":0,"1":0,"2":0,"3":0,"4":0,"5":0,"6":0,"7":0,"8":0},"f":{"0":0,"1":0},"b":{"0":[0,0],"1":[0,0],"2":[0,0]}}
,"/Users/yuruluo/Desktop/OnchainWalletDemoExpo/app/index.js": {"path":"/Users/yuruluo/Desktop/OnchainWalletDemoExpo/app/index.js","statementMap":{"0":{"start":{"line":5,"column":2},"end":{"line":5,"column":44}}},"fnMap":{"0":{"name":"Index","decl":{"start":{"line":3,"column":24},"end":{"line":3,"column":29}},"loc":{"start":{"line":3,"column":32},"end":{"line":6,"column":1}},"line":3}},"branchMap":{},"s":{"0":0},"f":{"0":0},"b":{}}
,"/Users/yuruluo/Desktop/OnchainWalletDemoExpo/app/settings.tsx": {"path":"/Users/yuruluo/Desktop/OnchainWalletDemoExpo/app/settings.tsx","statementMap":{"0":{"start":{"line":7,"column":29},"end":{"line":7,"column":51}},"1":{"start":{"line":10,"column":34},"end":{"line":10,"column":57}},"2":{"start":{"line":12,"column":2},"end":{"line":26,"column":9}},"3":{"start":{"line":14,"column":30},"end":{"line":23,"column":5}},"4":{"start":{"line":15,"column":6},"end":{"line":22,"column":7}},"5":{"start":{"line":16,"column":30},"end":{"line":16,"column":78}},"6":{"start":{"line":17,"column":8},"end":{"line":19,"column":9}},"7":{"start":{"line":18,"column":10},"end":{"line":18,"column":37}},"8":{"start":{"line":21,"column":8},"end":{"line":21,"column":65}},"9":{"start":{"line":25,"column":4},"end":{"line":25,"column":24}},"10":{"start":{"line":28,"column":31},"end":{"line":42,"column":3}},"11":{"start":{"line":30,"column":24},"end":{"line":30,"column":58}},"12":{"start":{"line":33,"column":4},"end":{"line":33,"column":29}},"13":{"start":{"line":36,"column":4},"end":{"line":41,"column":5}},"14":{"start":{"line":37,"column":6},"end":{"line":37,"column":68}},"15":{"start":{"line":38,"column":6},"end":{"line":38,"column":50}},"16":{"start":{"line":40,"column":6},"end":{"line":40,"column":63}},"17":{"start":{"line":44,"column":2},"end":{"line":67,"column":4}},"18":{"start":{"line":70,"column":15},"end":{"line":119,"column":2}}},"fnMap":{"0":{"name":"SettingsScreen","decl":{"start":{"line":9,"column":24},"end":{"line":9,"column":38}},"loc":{"start":{"line":9,"column":41},"end":{"line":68,"column":1}},"line":9},"1":{"name":"(anonymous_1)","decl":{"start":{"line":12,"column":12},"end":{"line":12,"column":13}},"loc":{"start":{"line":12,"column":18},"end":{"line":26,"column":3}},"line":12},"2":{"name":"(anonymous_2)","decl":{"start":{"line":14,"column":30},"end":{"line":14,"column":31}},"loc":{"start":{"line":14,"column":42},"end":{"line":23,"column":5}},"line":14},"3":{"name":"(anonymous_3)","decl":{"start":{"line":28,"column":31},"end":{"line":28,"column":32}},"loc":{"start":{"line":28,"column":43},"end":{"line":42,"column":3}},"line":28}},"branchMap":{"0":{"loc":{"start":{"line":17,"column":8},"end":{"line":19,"column":9}},"type":"if","locations":[{"start":{"line":17,"column":8},"end":{"line":19,"column":9}},{"start":{},"end":{}}],"line":17},"1":{"loc":{"start":{"line":30,"column":24},"end":{"line":30,"column":58}},"type":"cond-expr","locations":[{"start":{"line":30,"column":45},"end":{"line":30,"column":50}},{"start":{"line":30,"column":53},"end":{"line":30,"column":58}}],"line":30},"2":{"loc":{"start":{"line":53,"column":15},"end":{"line":53,"column":80}},"type":"cond-expr","locations":[{"start":{"line":53,"column":36},"end":{"line":53,"column":53}},{"start":{"line":53,"column":56},"end":{"line":53,"column":80}}],"line":53},"3":{"loc":{"start":{"line":59,"column":26},"end":{"line":59,"column":68}},"type":"cond-expr","locations":[{"start":{"line":59,"column":47},"end":{"line":59,"column":56}},{"start":{"line":59,"column":59},"end":{"line":59,"column":68}}],"line":59}},"s":{"0":2,"1":8,"2":8,"3":5,"4":5,"5":5,"6":4,"7":4,"8":1,"9":5,"10":8,"11":2,"12":2,"13":2,"14":2,"15":2,"16":0,"17":8,"18":2},"f":{"0":8,"1":5,"2":5,"3":2},"b":{"0":[4,0],"1":[2,0],"2":[5,3],"3":[3,5]},"_coverageSchema":"1a1c01bbd47fc00a2c39e90264f33305004495a9","hash":"0c90ac3e4d24229a67570b01a3e6e23446fc5d9c"}
,"/Users/yuruluo/Desktop/OnchainWalletDemoExpo/app/(tabs)/_layout.tsx": {"path":"/Users/yuruluo/Desktop/OnchainWalletDemoExpo/app/(tabs)/_layout.tsx","statementMap":{"0":{"start":{"line":12,"column":22},"end":{"line":12,"column":38}},"1":{"start":{"line":14,"column":2},"end":{"line":46,"column":4}},"2":{"start":{"line":36,"column":37},"end":{"line":36,"column":108}}},"fnMap":{"0":{"name":"TabLayout","decl":{"start":{"line":11,"column":24},"end":{"line":11,"column":33}},"loc":{"start":{"line":11,"column":36},"end":{"line":47,"column":1}},"line":11},"1":{"name":"(anonymous_1)","decl":{"start":{"line":36,"column":22},"end":{"line":36,"column":23}},"loc":{"start":{"line":36,"column":37},"end":{"line":36,"column":108}},"line":36}},"branchMap":{"0":{"loc":{"start":{"line":18,"column":38},"end":{"line":18,"column":60}},"type":"binary-expr","locations":[{"start":{"line":18,"column":38},"end":{"line":18,"column":49}},{"start":{"line":18,"column":53},"end":{"line":18,"column":60}}],"line":18}},"s":{"0":0,"1":0,"2":0},"f":{"0":0,"1":0},"b":{"0":[0,0]}}
,"/Users/yuruluo/Desktop/OnchainWalletDemoExpo/app/(tabs)/assets.tsx": {"path":"/Users/yuruluo/Desktop/OnchainWalletDemoExpo/app/(tabs)/assets.tsx","statementMap":{"0":{"start":{"line":13,"column":29},"end":{"line":13,"column":51}},"1":{"start":{"line":16,"column":41},"end":{"line":24,"column":1}},"2":{"start":{"line":27,"column":24},"end":{"line":30,"column":1}},"3":{"start":{"line":29,"column":2},"end":{"line":29,"column":46}},"4":{"start":{"line":33,"column":45},"end":{"line":33,"column":47}},"5":{"start":{"line":36,"column":0},"end":{"line":38,"column":3}},"6":{"start":{"line":37,"column":2},"end":{"line":37,"column":48}},"7":{"start":{"line":41,"column":23},"end":{"line":83,"column":1}},"8":{"start":{"line":42,"column":21},"end":{"line":42,"column":50}},"9":{"start":{"line":43,"column":19},"end":{"line":43,"column":42}},"10":{"start":{"line":44,"column":19},"end":{"line":44,"column":42}},"11":{"start":{"line":47,"column":18},"end":{"line":62,"column":4}},"12":{"start":{"line":49,"column":21},"end":{"line":49,"column":67}},"13":{"start":{"line":49,"column":43},"end":{"line":49,"column":66}},"14":{"start":{"line":52,"column":21},"end":{"line":52,"column":56}},"15":{"start":{"line":53,"column":22},"end":{"line":53,"column":73}},"16":{"start":{"line":55,"column":4},"end":{"line":61,"column":6}},"17":{"start":{"line":65,"column":18},"end":{"line":80,"column":4}},"18":{"start":{"line":67,"column":21},"end":{"line":67,"column":67}},"19":{"start":{"line":67,"column":43},"end":{"line":67,"column":66}},"20":{"start":{"line":70,"column":21},"end":{"line":70,"column":56}},"21":{"start":{"line":71,"column":22},"end":{"line":71,"column":73}},"22":{"start":{"line":73,"column":4},"end":{"line":79,"column":6}},"23":{"start":{"line":82,"column":2},"end":{"line":82,"column":30}},"24":{"start":{"line":87,"column":36},"end":{"line":87,"column":50}},"25":{"start":{"line":88,"column":36},"end":{"line":88,"column":54}},"26":{"start":{"line":89,"column":42},"end":{"line":89,"column":57}},"27":{"start":{"line":90,"column":38},"end":{"line":90,"column":57}},"28":{"start":{"line":93,"column":2},"end":{"line":115,"column":21}},"29":{"start":{"line":94,"column":26},"end":{"line":104,"column":5}},"30":{"start":{"line":95,"column":6},"end":{"line":103,"column":7}},"31":{"start":{"line":96,"column":30},"end":{"line":96,"column":78}},"32":{"start":{"line":97,"column":8},"end":{"line":100,"column":9}},"33":{"start":{"line":98,"column":10},"end":{"line":98,"column":77}},"34":{"start":{"line":99,"column":10},"end":{"line":99,"column":41}},"35":{"start":{"line":102,"column":8},"end":{"line":102,"column":65}},"36":{"start":{"line":107,"column":4},"end":{"line":107,"column":20}},"37":{"start":{"line":110,"column":23},"end":{"line":110,"column":55}},"38":{"start":{"line":112,"column":4},"end":{"line":114,"column":6}},"39":{"start":{"line":113,"column":6},"end":{"line":113,"column":32}},"40":{"start":{"line":118,"column":2},"end":{"line":127,"column":9}},"41":{"start":{"line":120,"column":18},"end":{"line":124,"column":12}},"42":{"start":{"line":121,"column":35},"end":{"line":121,"column":51}},"43":{"start":{"line":122,"column":6},"end":{"line":122,"column":64}},"44":{"start":{"line":123,"column":6},"end":{"line":123,"column":26}},"45":{"start":{"line":126,"column":4},"end":{"line":126,"column":37}},"46":{"start":{"line":126,"column":17},"end":{"line":126,"column":36}},"47":{"start":{"line":130,"column":2},"end":{"line":135,"column":32}},"48":{"start":{"line":131,"column":4},"end":{"line":134,"column":5}},"49":{"start":{"line":132,"column":35},"end":{"line":132,"column":51}},"50":{"start":{"line":133,"column":6},"end":{"line":133,"column":64}},"51":{"start":{"line":138,"column":17},"end":{"line":162,"column":3}},"52":{"start":{"line":139,"column":4},"end":{"line":161,"column":6}},"53":{"start":{"line":143,"column":12},"end":{"line":157,"column":24}},"54":{"start":{"line":149,"column":29},"end":{"line":149,"column":46}},"55":{"start":{"line":165,"column":24},"end":{"line":192,"column":3}},"56":{"start":{"line":166,"column":4},"end":{"line":191,"column":11}},"57":{"start":{"line":195,"column":25},"end":{"line":197,"column":3}},"58":{"start":{"line":196,"column":4},"end":{"line":196,"column":60}},"59":{"start":{"line":196,"column":28},"end":{"line":196,"column":58}},"60":{"start":{"line":200,"column":26},"end":{"line":239,"column":3}},"61":{"start":{"line":201,"column":19},"end":{"line":201,"column":35}},"62":{"start":{"line":202,"column":23},"end":{"line":202,"column":45}},"63":{"start":{"line":205,"column":27},"end":{"line":205,"column":63}},"64":{"start":{"line":208,"column":24},"end":{"line":216,"column":5}},"65":{"start":{"line":209,"column":23},"end":{"line":209,"column":40}},"66":{"start":{"line":210,"column":6},"end":{"line":214,"column":7}},"67":{"start":{"line":211,"column":8},"end":{"line":211,"column":53}},"68":{"start":{"line":212,"column":13},"end":{"line":214,"column":7}},"69":{"start":{"line":213,"column":8},"end":{"line":213,"column":50}},"70":{"start":{"line":215,"column":6},"end":{"line":215,"column":33}},"71":{"start":{"line":218,"column":4},"end":{"line":238,"column":6}},"72":{"start":{"line":242,"column":23},"end":{"line":263,"column":3}},"73":{"start":{"line":243,"column":4},"end":{"line":262,"column":11}},"74":{"start":{"line":258,"column":60},"end":{"line":258,"column":88}},"75":{"start":{"line":266,"column":26},"end":{"line":271,"column":3}},"76":{"start":{"line":267,"column":4},"end":{"line":270,"column":11}},"77":{"start":{"line":274,"column":25},"end":{"line":279,"column":3}},"78":{"start":{"line":275,"column":4},"end":{"line":278,"column":11}},"79":{"start":{"line":282,"column":2},"end":{"line":289,"column":3}},"80":{"start":{"line":283,"column":4},"end":{"line":288,"column":6}},"81":{"start":{"line":291,"column":2},"end":{"line":326,"column":4}},"82":{"start":{"line":312,"column":36},"end":{"line":312,"column":54}},"83":{"start":{"line":329,"column":15},"end":{"line":561,"column":2}}},"fnMap":{"0":{"name":"(anonymous_0)","decl":{"start":{"line":27,"column":24},"end":{"line":27,"column":25}},"loc":{"start":{"line":27,"column":30},"end":{"line":30,"column":1}},"line":27},"1":{"name":"(anonymous_1)","decl":{"start":{"line":36,"column":33},"end":{"line":36,"column":34}},"loc":{"start":{"line":36,"column":45},"end":{"line":38,"column":1}},"line":36},"2":{"name":"(anonymous_2)","decl":{"start":{"line":41,"column":23},"end":{"line":41,"column":24}},"loc":{"start":{"line":41,"column":29},"end":{"line":83,"column":1}},"line":41},"3":{"name":"(anonymous_3)","decl":{"start":{"line":47,"column":33},"end":{"line":47,"column":34}},"loc":{"start":{"line":47,"column":45},"end":{"line":62,"column":3}},"line":47},"4":{"name":"(anonymous_4)","decl":{"start":{"line":49,"column":35},"end":{"line":49,"column":36}},"loc":{"start":{"line":49,"column":43},"end":{"line":49,"column":66}},"line":49},"5":{"name":"(anonymous_5)","decl":{"start":{"line":65,"column":33},"end":{"line":65,"column":34}},"loc":{"start":{"line":65,"column":45},"end":{"line":80,"column":3}},"line":65},"6":{"name":"(anonymous_6)","decl":{"start":{"line":67,"column":35},"end":{"line":67,"column":36}},"loc":{"start":{"line":67,"column":43},"end":{"line":67,"column":66}},"line":67},"7":{"name":"AssetsScreen","decl":{"start":{"line":85,"column":24},"end":{"line":85,"column":36}},"loc":{"start":{"line":85,"column":39},"end":{"line":327,"column":1}},"line":85},"8":{"name":"(anonymous_8)","decl":{"start":{"line":93,"column":12},"end":{"line":93,"column":13}},"loc":{"start":{"line":93,"column":18},"end":{"line":115,"column":3}},"line":93},"9":{"name":"(anonymous_9)","decl":{"start":{"line":94,"column":26},"end":{"line":94,"column":27}},"loc":{"start":{"line":94,"column":38},"end":{"line":104,"column":5}},"line":94},"10":{"name":"(anonymous_10)","decl":{"start":{"line":112,"column":11},"end":{"line":112,"column":12}},"loc":{"start":{"line":112,"column":17},"end":{"line":114,"column":5}},"line":112},"11":{"name":"(anonymous_11)","decl":{"start":{"line":118,"column":12},"end":{"line":118,"column":13}},"loc":{"start":{"line":118,"column":18},"end":{"line":127,"column":3}},"line":118},"12":{"name":"(anonymous_12)","decl":{"start":{"line":120,"column":29},"end":{"line":120,"column":30}},"loc":{"start":{"line":120,"column":35},"end":{"line":124,"column":5}},"line":120},"13":{"name":"(anonymous_13)","decl":{"start":{"line":126,"column":11},"end":{"line":126,"column":12}},"loc":{"start":{"line":126,"column":17},"end":{"line":126,"column":36}},"line":126},"14":{"name":"(anonymous_14)","decl":{"start":{"line":130,"column":12},"end":{"line":130,"column":13}},"loc":{"start":{"line":130,"column":18},"end":{"line":135,"column":3}},"line":130},"15":{"name":"(anonymous_15)","decl":{"start":{"line":138,"column":17},"end":{"line":138,"column":18}},"loc":{"start":{"line":138,"column":23},"end":{"line":162,"column":3}},"line":138},"16":{"name":"(anonymous_16)","decl":{"start":{"line":142,"column":42},"end":{"line":142,"column":43}},"loc":{"start":{"line":143,"column":12},"end":{"line":157,"column":24}},"line":143},"17":{"name":"(anonymous_17)","decl":{"start":{"line":149,"column":23},"end":{"line":149,"column":24}},"loc":{"start":{"line":149,"column":29},"end":{"line":149,"column":46}},"line":149},"18":{"name":"(anonymous_18)","decl":{"start":{"line":165,"column":24},"end":{"line":165,"column":25}},"loc":{"start":{"line":166,"column":4},"end":{"line":191,"column":11}},"line":166},"19":{"name":"(anonymous_19)","decl":{"start":{"line":195,"column":25},"end":{"line":195,"column":26}},"loc":{"start":{"line":195,"column":31},"end":{"line":197,"column":3}},"line":195},"20":{"name":"(anonymous_20)","decl":{"start":{"line":196,"column":20},"end":{"line":196,"column":21}},"loc":{"start":{"line":196,"column":28},"end":{"line":196,"column":58}},"line":196},"21":{"name":"(anonymous_21)","decl":{"start":{"line":200,"column":26},"end":{"line":200,"column":27}},"loc":{"start":{"line":200,"column":55},"end":{"line":239,"column":3}},"line":200},"22":{"name":"(anonymous_22)","decl":{"start":{"line":208,"column":24},"end":{"line":208,"column":25}},"loc":{"start":{"line":208,"column":43},"end":{"line":216,"column":5}},"line":208},"23":{"name":"(anonymous_23)","decl":{"start":{"line":242,"column":23},"end":{"line":242,"column":24}},"loc":{"start":{"line":243,"column":4},"end":{"line":262,"column":11}},"line":243},"24":{"name":"(anonymous_24)","decl":{"start":{"line":258,"column":54},"end":{"line":258,"column":55}},"loc":{"start":{"line":258,"column":60},"end":{"line":258,"column":88}},"line":258},"25":{"name":"(anonymous_25)","decl":{"start":{"line":266,"column":26},"end":{"line":266,"column":27}},"loc":{"start":{"line":267,"column":4},"end":{"line":270,"column":11}},"line":267},"26":{"name":"(anonymous_26)","decl":{"start":{"line":274,"column":25},"end":{"line":274,"column":26}},"loc":{"start":{"line":275,"column":4},"end":{"line":278,"column":11}},"line":275},"27":{"name":"(anonymous_27)","decl":{"start":{"line":312,"column":26},"end":{"line":312,"column":27}},"loc":{"start":{"line":312,"column":36},"end":{"line":312,"column":54}},"line":312}},"branchMap":{"0":{"loc":{"start":{"line":42,"column":21},"end":{"line":42,"column":50}},"type":"binary-expr","locations":[{"start":{"line":42,"column":21},"end":{"line":42,"column":44}},{"start":{"line":42,"column":48},"end":{"line":42,"column":50}}],"line":42},"1":{"loc":{"start":{"line":43,"column":19},"end":{"line":43,"column":42}},"type":"binary-expr","locations":[{"start":{"line":43,"column":19},"end":{"line":43,"column":36}},{"start":{"line":43,"column":40},"end":{"line":43,"column":42}}],"line":43},"2":{"loc":{"start":{"line":44,"column":19},"end":{"line":44,"column":42}},"type":"binary-expr","locations":[{"start":{"line":44,"column":19},"end":{"line":44,"column":36}},{"start":{"line":44,"column":40},"end":{"line":44,"column":42}}],"line":44},"3":{"loc":{"start":{"line":52,"column":21},"end":{"line":52,"column":56}},"type":"cond-expr","locations":[{"start":{"line":52,"column":32},"end":{"line":52,"column":50}},{"start":{"line":52,"column":53},"end":{"line":52,"column":56}}],"line":52},"4":{"loc":{"start":{"line":59,"column":19},"end":{"line":59,"column":54}},"type":"binary-expr","locations":[{"start":{"line":59,"column":19},"end":{"line":59,"column":44}},{"start":{"line":59,"column":48},"end":{"line":59,"column":54}}],"line":59},"5":{"loc":{"start":{"line":60,"column":13},"end":{"line":60,"column":51}},"type":"binary-expr","locations":[{"start":{"line":60,"column":13},"end":{"line":60,"column":38}},{"start":{"line":60,"column":42},"end":{"line":60,"column":51}}],"line":60},"6":{"loc":{"start":{"line":70,"column":21},"end":{"line":70,"column":56}},"type":"cond-expr","locations":[{"start":{"line":70,"column":32},"end":{"line":70,"column":50}},{"start":{"line":70,"column":53},"end":{"line":70,"column":56}}],"line":70},"7":{"loc":{"start":{"line":77,"column":19},"end":{"line":77,"column":54}},"type":"binary-expr","locations":[{"start":{"line":77,"column":19},"end":{"line":77,"column":44}},{"start":{"line":77,"column":48},"end":{"line":77,"column":54}}],"line":77},"8":{"loc":{"start":{"line":78,"column":13},"end":{"line":78,"column":51}},"type":"binary-expr","locations":[{"start":{"line":78,"column":13},"end":{"line":78,"column":38}},{"start":{"line":78,"column":42},"end":{"line":78,"column":51}}],"line":78},"9":{"loc":{"start":{"line":97,"column":8},"end":{"line":100,"column":9}},"type":"if","locations":[{"start":{"line":97,"column":8},"end":{"line":100,"column":9}},{"start":{},"end":{}}],"line":97},"10":{"loc":{"start":{"line":97,"column":12},"end":{"line":97,"column":59}},"type":"binary-expr","locations":[{"start":{"line":97,"column":12},"end":{"line":97,"column":25}},{"start":{"line":97,"column":29},"end":{"line":97,"column":59}}],"line":97},"11":{"loc":{"start":{"line":122,"column":20},"end":{"line":122,"column":62}},"type":"cond-expr","locations":[{"start":{"line":122,"column":45},"end":{"line":122,"column":52}},{"start":{"line":122,"column":55},"end":{"line":122,"column":62}}],"line":122},"12":{"loc":{"start":{"line":131,"column":4},"end":{"line":134,"column":5}},"type":"if","locations":[{"start":{"line":131,"column":4},"end":{"line":134,"column":5}},{"start":{},"end":{}}],"line":131},"13":{"loc":{"start":{"line":133,"column":20},"end":{"line":133,"column":62}},"type":"cond-expr","locations":[{"start":{"line":133,"column":45},"end":{"line":133,"column":52}},{"start":{"line":133,"column":55},"end":{"line":133,"column":62}}],"line":133},"14":{"loc":{"start":{"line":147,"column":16},"end":{"line":147,"column":53}},"type":"binary-expr","locations":[{"start":{"line":147,"column":16},"end":{"line":147,"column":33}},{"start":{"line":147,"column":37},"end":{"line":147,"column":53}}],"line":147},"15":{"loc":{"start":{"line":153,"column":16},"end":{"line":153,"column":57}},"type":"binary-expr","locations":[{"start":{"line":153,"column":16},"end":{"line":153,"column":33}},{"start":{"line":153,"column":37},"end":{"line":153,"column":57}}],"line":153},"16":{"loc":{"start":{"line":196,"column":28},"end":{"line":196,"column":58}},"type":"cond-expr","locations":[{"start":{"line":196,"column":45},"end":{"line":196,"column":50}},{"start":{"line":196,"column":53},"end":{"line":196,"column":58}}],"line":196},"17":{"loc":{"start":{"line":205,"column":27},"end":{"line":205,"column":63}},"type":"cond-expr","locations":[{"start":{"line":205,"column":52},"end":{"line":205,"column":55}},{"start":{"line":205,"column":58},"end":{"line":205,"column":63}}],"line":205},"18":{"loc":{"start":{"line":210,"column":6},"end":{"line":214,"column":7}},"type":"if","locations":[{"start":{"line":210,"column":6},"end":{"line":214,"column":7}},{"start":{"line":212,"column":13},"end":{"line":214,"column":7}}],"line":210},"19":{"loc":{"start":{"line":212,"column":13},"end":{"line":214,"column":7}},"type":"if","locations":[{"start":{"line":212,"column":13},"end":{"line":214,"column":7}},{"start":{},"end":{}}],"line":212},"20":{"loc":{"start":{"line":227,"column":48},"end":{"line":227,"column":106}},"type":"cond-expr","locations":[{"start":{"line":227,"column":61},"end":{"line":227,"column":82}},{"start":{"line":227,"column":85},"end":{"line":227,"column":106}}],"line":227},"21":{"loc":{"start":{"line":228,"column":17},"end":{"line":228,"column":38}},"type":"cond-expr","locations":[{"start":{"line":228,"column":30},"end":{"line":228,"column":32}},{"start":{"line":228,"column":35},"end":{"line":228,"column":38}}],"line":228},"22":{"loc":{"start":{"line":282,"column":2},"end":{"line":289,"column":3}},"type":"if","locations":[{"start":{"line":282,"column":2},"end":{"line":289,"column":3}},{"start":{},"end":{}}],"line":282},"23":{"loc":{"start":{"line":308,"column":9},"end":{"line":317,"column":9}},"type":"binary-expr","locations":[{"start":{"line":308,"column":9},"end":{"line":308,"column":31}},{"start":{"line":309,"column":10},"end":{"line":316,"column":12}}],"line":308},"24":{"loc":{"start":{"line":319,"column":9},"end":{"line":323,"column":9}},"type":"binary-expr","locations":[{"start":{"line":319,"column":9},"end":{"line":319,"column":31}},{"start":{"line":320,"column":10},"end":{"line":322,"column":17}}],"line":319}},"s":{"0":2,"1":2,"2":2,"3":14,"4":2,"5":2,"6":14,"7":2,"8":0,"9":0,"10":0,"11":0,"12":0,"13":0,"14":0,"15":0,"16":0,"17":0,"18":0,"19":0,"20":0,"21":0,"22":0,"23":0,"24":0,"25":0,"26":0,"27":0,"28":0,"29":0,"30":0,"31":0,"32":0,"33":0,"34":0,"35":0,"36":0,"37":0,"38":0,"39":0,"40":0,"41":0,"42":0,"43":0,"44":0,"45":0,"46":0,"47":0,"48":0,"49":0,"50":0,"51":0,"52":0,"53":0,"54":0,"55":0,"56":0,"57":0,"58":0,"59":0,"60":0,"61":0,"62":0,"63":0,"64":0,"65":0,"66":0,"67":0,"68":0,"69":0,"70":0,"71":0,"72":0,"73":0,"74":0,"75":0,"76":0,"77":0,"78":0,"79":0,"80":0,"81":0,"82":0,"83":2},"f":{"0":14,"1":14,"2":0,"3":0,"4":0,"5":0,"6":0,"7":0,"8":0,"9":0,"10":0,"11":0,"12":0,"13":0,"14":0,"15":0,"16":0,"17":0,"18":0,"19":0,"20":0,"21":0,"22":0,"23":0,"24":0,"25":0,"26":0,"27":0},"b":{"0":[0,0],"1":[0,0],"2":[0,0],"3":[0,0],"4":[0,0],"5":[0,0],"6":[0,0],"7":[0,0],"8":[0,0],"9":[0,0],"10":[0,0],"11":[0,0],"12":[0,0],"13":[0,0],"14":[0,0],"15":[0,0],"16":[0,0],"17":[0,0],"18":[0,0],"19":[0,0],"20":[0,0],"21":[0,0],"22":[0,0],"23":[0,0],"24":[0,0]},"_coverageSchema":"1a1c01bbd47fc00a2c39e90264f33305004495a9","hash":"6fd52bcbe24c17b1d3e438e9b428c207da558856"}
,"/Users/yuruluo/Desktop/OnchainWalletDemoExpo/components/Collapsible.tsx": {"path":"/Users/yuruluo/Desktop/OnchainWalletDemoExpo/components/Collapsible.tsx","statementMap":{"0":{"start":{"line":11,"column":30},"end":{"line":11,"column":45}},"1":{"start":{"line":12,"column":16},"end":{"line":12,"column":43}},"2":{"start":{"line":14,"column":2},"end":{"line":32,"column":4}},"3":{"start":{"line":18,"column":23},"end":{"line":18,"column":51}},"4":{"start":{"line":18,"column":44},"end":{"line":18,"column":50}},"5":{"start":{"line":35,"column":15},"end":{"line":45,"column":2}}},"fnMap":{"0":{"name":"Collapsible","decl":{"start":{"line":10,"column":16},"end":{"line":10,"column":27}},"loc":{"start":{"line":10,"column":88},"end":{"line":33,"column":1}},"line":10},"1":{"name":"(anonymous_1)","decl":{"start":{"line":18,"column":17},"end":{"line":18,"column":18}},"loc":{"start":{"line":18,"column":23},"end":{"line":18,"column":51}},"line":18},"2":{"name":"(anonymous_2)","decl":{"start":{"line":18,"column":33},"end":{"line":18,"column":34}},"loc":{"start":{"line":18,"column":44},"end":{"line":18,"column":50}},"line":18}},"branchMap":{"0":{"loc":{"start":{"line":12,"column":16},"end":{"line":12,"column":43}},"type":"binary-expr","locations":[{"start":{"line":12,"column":16},"end":{"line":12,"column":32}},{"start":{"line":12,"column":36},"end":{"line":12,"column":43}}],"line":12},"1":{"loc":{"start":{"line":24,"column":17},"end":{"line":24,"column":73}},"type":"cond-expr","locations":[{"start":{"line":24,"column":37},"end":{"line":24,"column":54}},{"start":{"line":24,"column":57},"end":{"line":24,"column":73}}],"line":24},"2":{"loc":{"start":{"line":25,"column":41},"end":{"line":25,"column":66}},"type":"cond-expr","locations":[{"start":{"line":25,"column":50},"end":{"line":25,"column":57}},{"start":{"line":25,"column":60},"end":{"line":25,"column":66}}],"line":25},"3":{"loc":{"start":{"line":30,"column":7},"end":{"line":30,"column":75}},"type":"binary-expr","locations":[{"start":{"line":30,"column":7},"end":{"line":30,"column":13}},{"start":{"line":30,"column":17},"end":{"line":30,"column":75}}],"line":30}},"s":{"0":0,"1":0,"2":0,"3":0,"4":0,"5":0},"f":{"0":0,"1":0,"2":0},"b":{"0":[0,0],"1":[0,0],"2":[0,0],"3":[0,0]}}
,"/Users/yuruluo/Desktop/OnchainWalletDemoExpo/components/ExternalLink.tsx": {"path":"/Users/yuruluo/Desktop/OnchainWalletDemoExpo/components/ExternalLink.tsx","statementMap":{"0":{"start":{"line":9,"column":2},"end":{"line":23,"column":4}},"1":{"start":{"line":15,"column":8},"end":{"line":20,"column":9}},"2":{"start":{"line":17,"column":10},"end":{"line":17,"column":33}},"3":{"start":{"line":19,"column":10},"end":{"line":19,"column":39}}},"fnMap":{"0":{"name":"ExternalLink","decl":{"start":{"line":8,"column":16},"end":{"line":8,"column":28}},"loc":{"start":{"line":8,"column":55},"end":{"line":24,"column":1}},"line":8},"1":{"name":"(anonymous_1)","decl":{"start":{"line":14,"column":15},"end":{"line":14,"column":16}},"loc":{"start":{"line":14,"column":32},"end":{"line":21,"column":7}},"line":14}},"branchMap":{"0":{"loc":{"start":{"line":15,"column":8},"end":{"line":20,"column":9}},"type":"if","locations":[{"start":{"line":15,"column":8},"end":{"line":20,"column":9}},{"start":{},"end":{}}],"line":15}},"s":{"0":0,"1":0,"2":0,"3":0},"f":{"0":0,"1":0},"b":{"0":[0,0]}}
,"/Users/yuruluo/Desktop/OnchainWalletDemoExpo/components/HapticTab.tsx": {"path":"/Users/yuruluo/Desktop/OnchainWalletDemoExpo/components/HapticTab.tsx","statementMap":{"0":{"start":{"line":6,"column":2},"end":{"line":17,"column":4}},"1":{"start":{"line":10,"column":8},"end":{"line":13,"column":9}},"2":{"start":{"line":12,"column":10},"end":{"line":12,"column":65}},"3":{"start":{"line":14,"column":8},"end":{"line":14,"column":30}}},"fnMap":{"0":{"name":"HapticTab","decl":{"start":{"line":5,"column":16},"end":{"line":5,"column":25}},"loc":{"start":{"line":5,"column":58},"end":{"line":18,"column":1}},"line":5},"1":{"name":"(anonymous_1)","decl":{"start":{"line":9,"column":17},"end":{"line":9,"column":18}},"loc":{"start":{"line":9,"column":25},"end":{"line":15,"column":7}},"line":9}},"branchMap":{"0":{"loc":{"start":{"line":10,"column":8},"end":{"line":13,"column":9}},"type":"if","locations":[{"start":{"line":10,"column":8},"end":{"line":13,"column":9}},{"start":{},"end":{}}],"line":10}},"s":{"0":0,"1":0,"2":0,"3":0},"f":{"0":0,"1":0},"b":{"0":[0,0]}}
,"/Users/yuruluo/Desktop/OnchainWalletDemoExpo/components/HelloWave.tsx": {"path":"/Users/yuruluo/Desktop/OnchainWalletDemoExpo/components/HelloWave.tsx","statementMap":{"0":{"start":{"line":14,"column":28},"end":{"line":14,"column":45}},"1":{"start":{"line":16,"column":2},"end":{"line":21,"column":9}},"2":{"start":{"line":17,"column":4},"end":{"line":20,"column":6}},"3":{"start":{"line":23,"column":24},"end":{"line":25,"column":5}},"4":{"start":{"line":23,"column":48},"end":{"line":25,"column":3}},"5":{"start":{"line":27,"column":2},"end":{"line":31,"column":4}},"6":{"start":{"line":34,"column":15},"end":{"line":40,"column":2}}},"fnMap":{"0":{"name":"HelloWave","decl":{"start":{"line":13,"column":16},"end":{"line":13,"column":25}},"loc":{"start":{"line":13,"column":28},"end":{"line":32,"column":1}},"line":13},"1":{"name":"(anonymous_1)","decl":{"start":{"line":16,"column":12},"end":{"line":16,"column":13}},"loc":{"start":{"line":16,"column":18},"end":{"line":21,"column":3}},"line":16},"2":{"name":"(anonymous_2)","decl":{"start":{"line":23,"column":41},"end":{"line":23,"column":42}},"loc":{"start":{"line":23,"column":48},"end":{"line":25,"column":3}},"line":23}},"branchMap":{},"s":{"0":0,"1":0,"2":0,"3":0,"4":0,"5":0,"6":0},"f":{"0":0,"1":0,"2":0},"b":{}}
,"/Users/yuruluo/Desktop/OnchainWalletDemoExpo/components/ParallaxScrollView.tsx": {"path":"/Users/yuruluo/Desktop/OnchainWalletDemoExpo/components/ParallaxScrollView.tsx","statementMap":{"0":{"start":{"line":14,"column":22},"end":{"line":14,"column":25}},"1":{"start":{"line":26,"column":22},"end":{"line":26,"column":49}},"2":{"start":{"line":27,"column":20},"end":{"line":27,"column":57}},"3":{"start":{"line":28,"column":23},"end":{"line":28,"column":53}},"4":{"start":{"line":29,"column":17},"end":{"line":29,"column":39}},"5":{"start":{"line":30,"column":30},"end":{"line":45,"column":4}},"6":{"start":{"line":31,"column":4},"end":{"line":44,"column":6}},"7":{"start":{"line":47,"column":2},"end":{"line":65,"column":4}},"8":{"start":{"line":68,"column":15},"end":{"line":82,"column":2}}},"fnMap":{"0":{"name":"ParallaxScrollView","decl":{"start":{"line":21,"column":24},"end":{"line":21,"column":42}},"loc":{"start":{"line":25,"column":10},"end":{"line":66,"column":1}},"line":25},"1":{"name":"(anonymous_1)","decl":{"start":{"line":30,"column":47},"end":{"line":30,"column":48}},"loc":{"start":{"line":30,"column":53},"end":{"line":45,"column":3}},"line":30}},"branchMap":{"0":{"loc":{"start":{"line":26,"column":22},"end":{"line":26,"column":49}},"type":"binary-expr","locations":[{"start":{"line":26,"column":22},"end":{"line":26,"column":38}},{"start":{"line":26,"column":42},"end":{"line":26,"column":49}}],"line":26}},"s":{"0":0,"1":0,"2":0,"3":0,"4":0,"5":0,"6":0,"7":0,"8":0},"f":{"0":0,"1":0},"b":{"0":[0,0]}}
,"/Users/yuruluo/Desktop/OnchainWalletDemoExpo/components/Themed.tsx": {"path":"/Users/yuruluo/Desktop/OnchainWalletDemoExpo/components/Themed.tsx","statementMap":{},"fnMap":{},"branchMap":{},"s":{},"f":{},"b":{}}
,"/Users/yuruluo/Desktop/OnchainWalletDemoExpo/components/ThemedText.tsx": {"path":"/Users/yuruluo/Desktop/OnchainWalletDemoExpo/components/ThemedText.tsx","statementMap":{"0":{"start":{"line":18,"column":16},"end":{"line":18,"column":77}},"1":{"start":{"line":20,"column":2},"end":{"line":33,"column":4}},"2":{"start":{"line":36,"column":15},"end":{"line":60,"column":2}}},"fnMap":{"0":{"name":"ThemedText","decl":{"start":{"line":11,"column":16},"end":{"line":11,"column":26}},"loc":{"start":{"line":17,"column":20},"end":{"line":34,"column":1}},"line":17}},"branchMap":{"0":{"loc":{"start":{"line":15,"column":2},"end":{"line":15,"column":18}},"type":"default-arg","locations":[{"start":{"line":15,"column":9},"end":{"line":15,"column":18}}],"line":15},"1":{"loc":{"start":{"line":24,"column":8},"end":{"line":24,"column":55}},"type":"cond-expr","locations":[{"start":{"line":24,"column":29},"end":{"line":24,"column":43}},{"start":{"line":24,"column":46},"end":{"line":24,"column":55}}],"line":24},"2":{"loc":{"start":{"line":25,"column":8},"end":{"line":25,"column":51}},"type":"cond-expr","locations":[{"start":{"line":25,"column":27},"end":{"line":25,"column":39}},{"start":{"line":25,"column":42},"end":{"line":25,"column":51}}],"line":25},"3":{"loc":{"start":{"line":26,"column":8},"end":{"line":26,"column":71}},"type":"cond-expr","locations":[{"start":{"line":26,"column":37},"end":{"line":26,"column":59}},{"start":{"line":26,"column":62},"end":{"line":26,"column":71}}],"line":26},"4":{"loc":{"start":{"line":27,"column":8},"end":{"line":27,"column":57}},"type":"cond-expr","locations":[{"start":{"line":27,"column":30},"end":{"line":27,"column":45}},{"start":{"line":27,"column":48},"end":{"line":27,"column":57}}],"line":27},"5":{"loc":{"start":{"line":28,"column":8},"end":{"line":28,"column":49}},"type":"cond-expr","locations":[{"start":{"line":28,"column":26},"end":{"line":28,"column":37}},{"start":{"line":28,"column":40},"end":{"line":28,"column":49}}],"line":28}},"s":{"0":1,"1":1,"2":1},"f":{"0":1},"b":{"0":[1],"1":[1,0],"2":[0,1],"3":[0,1],"4":[0,1],"5":[0,1]},"_coverageSchema":"1a1c01bbd47fc00a2c39e90264f33305004495a9","hash":"fa3b58f41e06beffdfd205aa87fb3e68a7acf289"}
,"/Users/yuruluo/Desktop/OnchainWalletDemoExpo/components/ThemedView.tsx": {"path":"/Users/yuruluo/Desktop/OnchainWalletDemoExpo/components/ThemedView.tsx","statementMap":{"0":{"start":{"line":11,"column":26},"end":{"line":11,"column":93}},"1":{"start":{"line":13,"column":2},"end":{"line":13,"column":71}}},"fnMap":{"0":{"name":"ThemedView","decl":{"start":{"line":10,"column":16},"end":{"line":10,"column":26}},"loc":{"start":{"line":10,"column":93},"end":{"line":14,"column":1}},"line":10}},"branchMap":{},"s":{"0":0,"1":0},"f":{"0":0},"b":{}}
,"/Users/yuruluo/Desktop/OnchainWalletDemoExpo/components/ui/IconSymbol.ios.tsx": {"path":"/Users/yuruluo/Desktop/OnchainWalletDemoExpo/components/ui/IconSymbol.ios.tsx","statementMap":{"0":{"start":{"line":17,"column":2},"end":{"line":31,"column":4}}},"fnMap":{"0":{"name":"IconSymbol","decl":{"start":{"line":4,"column":16},"end":{"line":4,"column":26}},"loc":{"start":{"line":16,"column":3},"end":{"line":32,"column":1}},"line":16}},"branchMap":{"0":{"loc":{"start":{"line":6,"column":2},"end":{"line":6,"column":11}},"type":"default-arg","locations":[{"start":{"line":6,"column":9},"end":{"line":6,"column":11}}],"line":6},"1":{"loc":{"start":{"line":9,"column":2},"end":{"line":9,"column":20}},"type":"default-arg","locations":[{"start":{"line":9,"column":11},"end":{"line":9,"column":20}}],"line":9}},"s":{"0":0},"f":{"0":0},"b":{"0":[0],"1":[0]}}
,"/Users/yuruluo/Desktop/OnchainWalletDemoExpo/components/ui/IconSymbol.tsx": {"path":"/Users/yuruluo/Desktop/OnchainWalletDemoExpo/components/ui/IconSymbol.tsx","statementMap":{"0":{"start":{"line":9,"column":16},"end":{"line":24,"column":1}},"1":{"start":{"line":45,"column":2},"end":{"line":45,"column":88}}},"fnMap":{"0":{"name":"IconSymbol","decl":{"start":{"line":33,"column":16},"end":{"line":33,"column":26}},"loc":{"start":{"line":44,"column":3},"end":{"line":46,"column":1}},"line":44}},"branchMap":{"0":{"loc":{"start":{"line":35,"column":2},"end":{"line":35,"column":11}},"type":"default-arg","locations":[{"start":{"line":35,"column":9},"end":{"line":35,"column":11}}],"line":35}},"s":{"0":0,"1":0},"f":{"0":0},"b":{"0":[0]}}
,"/Users/yuruluo/Desktop/OnchainWalletDemoExpo/components/ui/TabBarBackground.ios.tsx": {"path":"/Users/yuruluo/Desktop/OnchainWalletDemoExpo/components/ui/TabBarBackground.ios.tsx","statementMap":{"0":{"start":{"line":7,"column":2},"end":{"line":15,"column":4}},"1":{"start":{"line":19,"column":20},"end":{"line":19,"column":43}},"2":{"start":{"line":20,"column":21},"end":{"line":20,"column":40}},"3":{"start":{"line":21,"column":2},"end":{"line":21,"column":28}}},"fnMap":{"0":{"name":"BlurTabBarBackground","decl":{"start":{"line":6,"column":24},"end":{"line":6,"column":44}},"loc":{"start":{"line":6,"column":47},"end":{"line":16,"column":1}},"line":6},"1":{"name":"useBottomTabOverflow","decl":{"start":{"line":18,"column":16},"end":{"line":18,"column":36}},"loc":{"start":{"line":18,"column":39},"end":{"line":22,"column":1}},"line":18}},"branchMap":{},"s":{"0":0,"1":0,"2":0,"3":0},"f":{"0":0,"1":0},"b":{}}
,"/Users/yuruluo/Desktop/OnchainWalletDemoExpo/components/ui/TabBarBackground.tsx": {"path":"/Users/yuruluo/Desktop/OnchainWalletDemoExpo/components/ui/TabBarBackground.tsx","statementMap":{"0":{"start":{"line":5,"column":2},"end":{"line":5,"column":11}}},"fnMap":{"0":{"name":"useBottomTabOverflow","decl":{"start":{"line":4,"column":16},"end":{"line":4,"column":36}},"loc":{"start":{"line":4,"column":39},"end":{"line":6,"column":1}},"line":4}},"branchMap":{},"s":{"0":0},"f":{"0":0},"b":{}}
,"/Users/yuruluo/Desktop/OnchainWalletDemoExpo/constants/Colors.ts": {"path":"/Users/yuruluo/Desktop/OnchainWalletDemoExpo/constants/Colors.ts","statementMap":{"0":{"start":{"line":6,"column":23},"end":{"line":6,"column":32}},"1":{"start":{"line":7,"column":22},"end":{"line":7,"column":28}},"2":{"start":{"line":9,"column":22},"end":{"line":26,"column":1}}},"fnMap":{},"branchMap":{},"s":{"0":1,"1":1,"2":1},"f":{},"b":{},"_coverageSchema":"1a1c01bbd47fc00a2c39e90264f33305004495a9","hash":"b513823ec3091aed3f3d69c8e961369e158f96f4"}
,"/Users/yuruluo/Desktop/OnchainWalletDemoExpo/hooks/useColorScheme.ts": {"path":"/Users/yuruluo/Desktop/OnchainWalletDemoExpo/hooks/useColorScheme.ts","statementMap":{},"fnMap":{},"branchMap":{},"s":{},"f":{},"b":{},"_coverageSchema":"1a1c01bbd47fc00a2c39e90264f33305004495a9","hash":"5c64086684cc0409126378f456113f25ece560dc"}
,"/Users/yuruluo/Desktop/OnchainWalletDemoExpo/hooks/useColorScheme.web.ts": {"path":"/Users/yuruluo/Desktop/OnchainWalletDemoExpo/hooks/useColorScheme.web.ts","statementMap":{"0":{"start":{"line":8,"column":40},"end":{"line":8,"column":55}},"1":{"start":{"line":10,"column":2},"end":{"line":12,"column":9}},"2":{"start":{"line":11,"column":4},"end":{"line":11,"column":25}},"3":{"start":{"line":14,"column":22},"end":{"line":14,"column":40}},"4":{"start":{"line":16,"column":2},"end":{"line":18,"column":3}},"5":{"start":{"line":17,"column":4},"end":{"line":17,"column":23}},"6":{"start":{"line":20,"column":2},"end":{"line":20,"column":17}}},"fnMap":{"0":{"name":"useColorScheme","decl":{"start":{"line":7,"column":16},"end":{"line":7,"column":30}},"loc":{"start":{"line":7,"column":33},"end":{"line":21,"column":1}},"line":7},"1":{"name":"(anonymous_1)","decl":{"start":{"line":10,"column":12},"end":{"line":10,"column":13}},"loc":{"start":{"line":10,"column":18},"end":{"line":12,"column":3}},"line":10}},"branchMap":{"0":{"loc":{"start":{"line":16,"column":2},"end":{"line":18,"column":3}},"type":"if","locations":[{"start":{"line":16,"column":2},"end":{"line":18,"column":3}},{"start":{},"end":{}}],"line":16}},"s":{"0":0,"1":0,"2":0,"3":0,"4":0,"5":0,"6":0},"f":{"0":0,"1":0},"b":{"0":[0,0]}}
,"/Users/yuruluo/Desktop/OnchainWalletDemoExpo/hooks/useCurrencyContext.tsx": {"path":"/Users/yuruluo/Desktop/OnchainWalletDemoExpo/hooks/useCurrencyContext.tsx","statementMap":{"0":{"start":{"line":16,"column":24},"end":{"line":16,"column":81}},"1":{"start":{"line":18,"column":67},"end":{"line":97,"column":1}},"2":{"start":{"line":19,"column":42},"end":{"line":19,"column":71}},"3":{"start":{"line":20,"column":117},"end":{"line":20,"column":142}},"4":{"start":{"line":23,"column":2},"end":{"line":36,"column":46}},"5":{"start":{"line":24,"column":25},"end":{"line":33,"column":5}},"6":{"start":{"line":25,"column":6},"end":{"line":32,"column":7}},"7":{"start":{"line":26,"column":8},"end":{"line":31,"column":9}},"8":{"start":{"line":27,"column":27},"end":{"line":27,"column":69}},"9":{"start":{"line":28,"column":10},"end":{"line":28,"column":36}},"10":{"start":{"line":30,"column":10},"end":{"line":30,"column":44}},"11":{"start":{"line":35,"column":4},"end":{"line":35,"column":19}},"12":{"start":{"line":39,"column":2},"end":{"line":49,"column":53}},"13":{"start":{"line":40,"column":4},"end":{"line":40,"column":35}},"14":{"start":{"line":40,"column":28},"end":{"line":40,"column":35}},"15":{"start":{"line":42,"column":25},"end":{"line":44,"column":6}},"16":{"start":{"line":43,"column":6},"end":{"line":43,"column":48}},"17":{"start":{"line":46,"column":4},"end":{"line":48,"column":6}},"18":{"start":{"line":47,"column":6},"end":{"line":47,"column":28}},"19":{"start":{"line":52,"column":25},"end":{"line":66,"column":3}},"20":{"start":{"line":53,"column":4},"end":{"line":65,"column":5}},"21":{"start":{"line":54,"column":6},"end":{"line":61,"column":7}},"22":{"start":{"line":55,"column":28},"end":{"line":55,"column":72}},"23":{"start":{"line":56,"column":8},"end":{"line":56,"column":37}},"24":{"start":{"line":58,"column":8},"end":{"line":58,"column":40}},"25":{"start":{"line":60,"column":8},"end":{"line":60,"column":66}},"26":{"start":{"line":60,"column":33},"end":{"line":60,"column":63}},"27":{"start":{"line":64,"column":6},"end":{"line":64,"column":64}},"28":{"start":{"line":64,"column":31},"end":{"line":64,"column":61}},"29":{"start":{"line":68,"column":26},"end":{"line":81,"column":3}},"30":{"start":{"line":69,"column":25},"end":{"line":69,"column":46}},"31":{"start":{"line":70,"column":22},"end":{"line":70,"column":78}},"32":{"start":{"line":72,"column":4},"end":{"line":80,"column":7}},"33":{"start":{"line":73,"column":19},"end":{"line":73,"column":60}},"34":{"start":{"line":73,"column":39},"end":{"line":73,"column":59}},"35":{"start":{"line":74,"column":6},"end":{"line":79,"column":8}},"36":{"start":{"line":83,"column":28},"end":{"line":85,"column":3}},"37":{"start":{"line":84,"column":4},"end":{"line":84,"column":24}},"38":{"start":{"line":87,"column":2},"end":{"line":96,"column":4}},"39":{"start":{"line":99,"column":27},"end":{"line":105,"column":1}},"40":{"start":{"line":100,"column":18},"end":{"line":100,"column":45}},"41":{"start":{"line":101,"column":2},"end":{"line":103,"column":3}},"42":{"start":{"line":102,"column":4},"end":{"line":102,"column":74}},"43":{"start":{"line":104,"column":2},"end":{"line":104,"column":17}}},"fnMap":{"0":{"name":"(anonymous_0)","decl":{"start":{"line":18,"column":67},"end":{"line":18,"column":68}},"loc":{"start":{"line":18,"column":85},"end":{"line":97,"column":1}},"line":18},"1":{"name":"(anonymous_1)","decl":{"start":{"line":23,"column":12},"end":{"line":23,"column":13}},"loc":{"start":{"line":23,"column":18},"end":{"line":36,"column":3}},"line":23},"2":{"name":"(anonymous_2)","decl":{"start":{"line":24,"column":25},"end":{"line":24,"column":26}},"loc":{"start":{"line":24,"column":37},"end":{"line":33,"column":5}},"line":24},"3":{"name":"(anonymous_3)","decl":{"start":{"line":39,"column":12},"end":{"line":39,"column":13}},"loc":{"start":{"line":39,"column":18},"end":{"line":49,"column":3}},"line":39},"4":{"name":"(anonymous_4)","decl":{"start":{"line":42,"column":51},"end":{"line":42,"column":52}},"loc":{"start":{"line":42,"column":65},"end":{"line":44,"column":5}},"line":42},"5":{"name":"(anonymous_5)","decl":{"start":{"line":46,"column":11},"end":{"line":46,"column":12}},"loc":{"start":{"line":46,"column":17},"end":{"line":48,"column":5}},"line":46},"6":{"name":"(anonymous_6)","decl":{"start":{"line":52,"column":25},"end":{"line":52,"column":26}},"loc":{"start":{"line":52,"column":37},"end":{"line":66,"column":3}},"line":52},"7":{"name":"(anonymous_7)","decl":{"start":{"line":60,"column":24},"end":{"line":60,"column":25}},"loc":{"start":{"line":60,"column":33},"end":{"line":60,"column":63}},"line":60},"8":{"name":"(anonymous_8)","decl":{"start":{"line":64,"column":22},"end":{"line":64,"column":23}},"loc":{"start":{"line":64,"column":31},"end":{"line":64,"column":61}},"line":64},"9":{"name":"(anonymous_9)","decl":{"start":{"line":68,"column":26},"end":{"line":68,"column":27}},"loc":{"start":{"line":68,"column":32},"end":{"line":81,"column":3}},"line":68},"10":{"name":"(anonymous_10)","decl":{"start":{"line":72,"column":28},"end":{"line":72,"column":29}},"loc":{"start":{"line":72,"column":42},"end":{"line":80,"column":5}},"line":72},"11":{"name":"(anonymous_11)","decl":{"start":{"line":73,"column":34},"end":{"line":73,"column":35}},"loc":{"start":{"line":73,"column":39},"end":{"line":73,"column":59}},"line":73},"12":{"name":"(anonymous_12)","decl":{"start":{"line":83,"column":28},"end":{"line":83,"column":29}},"loc":{"start":{"line":83,"column":34},"end":{"line":85,"column":3}},"line":83},"13":{"name":"(anonymous_13)","decl":{"start":{"line":99,"column":27},"end":{"line":99,"column":28}},"loc":{"start":{"line":99,"column":54},"end":{"line":105,"column":1}},"line":99}},"branchMap":{"0":{"loc":{"start":{"line":25,"column":6},"end":{"line":32,"column":7}},"type":"if","locations":[{"start":{"line":25,"column":6},"end":{"line":32,"column":7}},{"start":{},"end":{}}],"line":25},"1":{"loc":{"start":{"line":40,"column":4},"end":{"line":40,"column":35}},"type":"if","locations":[{"start":{"line":40,"column":4},"end":{"line":40,"column":35}},{"start":{},"end":{}}],"line":40},"2":{"loc":{"start":{"line":53,"column":4},"end":{"line":65,"column":5}},"type":"if","locations":[{"start":{"line":53,"column":4},"end":{"line":65,"column":5}},{"start":{"line":62,"column":11},"end":{"line":65,"column":5}}],"line":53},"3":{"loc":{"start":{"line":60,"column":33},"end":{"line":60,"column":63}},"type":"cond-expr","locations":[{"start":{"line":60,"column":50},"end":{"line":60,"column":55}},{"start":{"line":60,"column":58},"end":{"line":60,"column":63}}],"line":60},"4":{"loc":{"start":{"line":64,"column":31},"end":{"line":64,"column":61}},"type":"cond-expr","locations":[{"start":{"line":64,"column":48},"end":{"line":64,"column":53}},{"start":{"line":64,"column":56},"end":{"line":64,"column":61}}],"line":64},"5":{"loc":{"start":{"line":70,"column":22},"end":{"line":70,"column":78}},"type":"cond-expr","locations":[{"start":{"line":70,"column":47},"end":{"line":70,"column":61}},{"start":{"line":70,"column":64},"end":{"line":70,"column":78}}],"line":70},"6":{"loc":{"start":{"line":76,"column":18},"end":{"line":76,"column":40}},"type":"binary-expr","locations":[{"start":{"line":76,"column":18},"end":{"line":76,"column":33}},{"start":{"line":76,"column":37},"end":{"line":76,"column":40}}],"line":76},"7":{"loc":{"start":{"line":78,"column":31},"end":{"line":78,"column":53}},"type":"binary-expr","locations":[{"start":{"line":78,"column":31},"end":{"line":78,"column":46}},{"start":{"line":78,"column":50},"end":{"line":78,"column":53}}],"line":78},"8":{"loc":{"start":{"line":101,"column":2},"end":{"line":103,"column":3}},"type":"if","locations":[{"start":{"line":101,"column":2},"end":{"line":103,"column":3}},{"start":{},"end":{}}],"line":101}},"s":{"0":0,"1":0,"2":0,"3":0,"4":0,"5":0,"6":0,"7":0,"8":0,"9":0,"10":0,"11":0,"12":0,"13":0,"14":0,"15":0,"16":0,"17":0,"18":0,"19":0,"20":0,"21":0,"22":0,"23":0,"24":0,"25":0,"26":0,"27":0,"28":0,"29":0,"30":0,"31":0,"32":0,"33":0,"34":0,"35":0,"36":0,"37":0,"38":0,"39":0,"40":0,"41":0,"42":0,"43":0},"f":{"0":0,"1":0,"2":0,"3":0,"4":0,"5":0,"6":0,"7":0,"8":0,"9":0,"10":0,"11":0,"12":0,"13":0},"b":{"0":[0,0],"1":[0,0],"2":[0,0],"3":[0,0],"4":[0,0],"5":[0,0],"6":[0,0],"7":[0,0],"8":[0,0]}}
,"/Users/yuruluo/Desktop/OnchainWalletDemoExpo/hooks/useThemeColor.ts": {"path":"/Users/yuruluo/Desktop/OnchainWalletDemoExpo/hooks/useThemeColor.ts","statementMap":{"0":{"start":{"line":13,"column":16},"end":{"line":13,"column":43}},"1":{"start":{"line":14,"column":25},"end":{"line":14,"column":37}},"2":{"start":{"line":16,"column":2},"end":{"line":20,"column":3}},"3":{"start":{"line":17,"column":4},"end":{"line":17,"column":26}},"4":{"start":{"line":19,"column":4},"end":{"line":19,"column":36}}},"fnMap":{"0":{"name":"useThemeColor","decl":{"start":{"line":9,"column":16},"end":{"line":9,"column":29}},"loc":{"start":{"line":12,"column":2},"end":{"line":21,"column":1}},"line":12}},"branchMap":{"0":{"loc":{"start":{"line":13,"column":16},"end":{"line":13,"column":43}},"type":"binary-expr","locations":[{"start":{"line":13,"column":16},"end":{"line":13,"column":32}},{"start":{"line":13,"column":36},"end":{"line":13,"column":43}}],"line":13},"1":{"loc":{"start":{"line":16,"column":2},"end":{"line":20,"column":3}},"type":"if","locations":[{"start":{"line":16,"column":2},"end":{"line":20,"column":3}},{"start":{"line":18,"column":9},"end":{"line":20,"column":3}}],"line":16}},"s":{"0":1,"1":1,"2":1,"3":0,"4":1},"f":{"0":1},"b":{"0":[1,0],"1":[0,1]},"_coverageSchema":"1a1c01bbd47fc00a2c39e90264f33305004495a9","hash":"b96d143b477a1e8a888f00231b8d6be259483d6e"}
,"/Users/yuruluo/Desktop/OnchainWalletDemoExpo/hooks/useWalletSettingsModule.ts": {"path":"/Users/yuruluo/Desktop/OnchainWalletDemoExpo/hooks/useWalletSettingsModule.ts","statementMap":{"0":{"start":{"line":10,"column":29},"end":{"line":10,"column":91}},"1":{"start":{"line":13,"column":30},"end":{"line":15,"column":1}},"2":{"start":{"line":21,"column":45},"end":{"line":30,"column":1}},"3":{"start":{"line":23,"column":4},"end":{"line":23,"column":49}},"4":{"start":{"line":24,"column":4},"end":{"line":24,"column":17}},"5":{"start":{"line":27,"column":4},"end":{"line":27,"column":53}},"6":{"start":{"line":28,"column":4},"end":{"line":28,"column":17}},"7":{"start":{"line":35,"column":28},"end":{"line":35,"column":50}},"8":{"start":{"line":36,"column":17},"end":{"line":36,"column":70}},"9":{"start":{"line":39,"column":36},"end":{"line":55,"column":3}},"10":{"start":{"line":40,"column":4},"end":{"line":43,"column":5}},"11":{"start":{"line":41,"column":6},"end":{"line":41,"column":44}},"12":{"start":{"line":42,"column":6},"end":{"line":42,"column":34}},"13":{"start":{"line":45,"column":25},"end":{"line":50,"column":5}},"14":{"start":{"line":48,"column":8},"end":{"line":48,"column":33}},"15":{"start":{"line":52,"column":4},"end":{"line":54,"column":6}},"16":{"start":{"line":53,"column":20},"end":{"line":53,"column":41}},"17":{"start":{"line":57,"column":2},"end":{"line":62,"column":4}}},"fnMap":{"0":{"name":"(anonymous_0)","decl":{"start":{"line":22,"column":2},"end":{"line":22,"column":3}},"loc":{"start":{"line":22,"column":25},"end":{"line":25,"column":3}},"line":22},"1":{"name":"(anonymous_1)","decl":{"start":{"line":26,"column":2},"end":{"line":26,"column":3}},"loc":{"start":{"line":26,"column":29},"end":{"line":29,"column":3}},"line":26},"2":{"name":"useWalletSettingsModule","decl":{"start":{"line":33,"column":16},"end":{"line":33,"column":39}},"loc":{"start":{"line":33,"column":42},"end":{"line":63,"column":1}},"line":33},"3":{"name":"(anonymous_3)","decl":{"start":{"line":39,"column":36},"end":{"line":39,"column":37}},"loc":{"start":{"line":39,"column":74},"end":{"line":55,"column":3}},"line":39},"4":{"name":"(anonymous_4)","decl":{"start":{"line":42,"column":23},"end":{"line":42,"column":24}},"loc":{"start":{"line":42,"column":29},"end":{"line":42,"column":31}},"line":42},"5":{"name":"(anonymous_5)","decl":{"start":{"line":47,"column":6},"end":{"line":47,"column":7}},"loc":{"start":{"line":47,"column":17},"end":{"line":49,"column":7}},"line":47},"6":{"name":"(anonymous_6)","decl":{"start":{"line":53,"column":14},"end":{"line":53,"column":15}},"loc":{"start":{"line":53,"column":20},"end":{"line":53,"column":41}},"line":53}},"branchMap":{"0":{"loc":{"start":{"line":14,"column":2},"end":{"line":14,"column":67}},"type":"cond-expr","locations":[{"start":{"line":14,"column":26},"end":{"line":14,"column":60}},{"start":{"line":14,"column":63},"end":{"line":14,"column":67}}],"line":14},"1":{"loc":{"start":{"line":36,"column":17},"end":{"line":36,"column":70}},"type":"cond-expr","locations":[{"start":{"line":36,"column":37},"end":{"line":36,"column":57}},{"start":{"line":36,"column":60},"end":{"line":36,"column":70}}],"line":36},"2":{"loc":{"start":{"line":40,"column":4},"end":{"line":43,"column":5}},"type":"if","locations":[{"start":{"line":40,"column":4},"end":{"line":43,"column":5}},{"start":{},"end":{}}],"line":40}},"s":{"0":0,"1":0,"2":0,"3":0,"4":0,"5":0,"6":0,"7":0,"8":0,"9":0,"10":0,"11":0,"12":0,"13":0,"14":0,"15":0,"16":0,"17":0},"f":{"0":0,"1":0,"2":0,"3":0,"4":0,"5":0,"6":0},"b":{"0":[0,0],"1":[0,0],"2":[0,0]}}
,"/Users/yuruluo/Desktop/OnchainWalletDemoExpo/modules/settings-module/index.ts": {"path":"/Users/yuruluo/Desktop/OnchainWalletDemoExpo/modules/settings-module/index.ts","statementMap":{"0":{"start":{"line":14,"column":30},"end":{"line":14,"column":35}},"1":{"start":{"line":15,"column":29},"end":{"line":15,"column":34}},"2":{"start":{"line":18,"column":4},"end":{"line":18,"column":26}},"3":{"start":{"line":22,"column":4},"end":{"line":22,"column":30}},"4":{"start":{"line":23,"column":4},"end":{"line":23,"column":20}},"5":{"start":{"line":27,"column":4},"end":{"line":27,"column":62}},"6":{"start":{"line":28,"column":4},"end":{"line":28,"column":26}},"7":{"start":{"line":33,"column":29},"end":{"line":33,"column":101}},"8":{"start":{"line":34,"column":48},"end":{"line":34,"column":96}}},"fnMap":{"0":{"name":"(anonymous_0)","decl":{"start":{"line":17,"column":2},"end":{"line":17,"column":3}},"loc":{"start":{"line":17,"column":46},"end":{"line":19,"column":3}},"line":17},"1":{"name":"(anonymous_1)","decl":{"start":{"line":21,"column":2},"end":{"line":21,"column":3}},"loc":{"start":{"line":21,"column":55},"end":{"line":24,"column":3}},"line":21},"2":{"name":"(anonymous_2)","decl":{"start":{"line":26,"column":2},"end":{"line":26,"column":3}},"loc":{"start":{"line":26,"column":42},"end":{"line":29,"column":3}},"line":26}},"branchMap":{"0":{"loc":{"start":{"line":27,"column":21},"end":{"line":27,"column":61}},"type":"cond-expr","locations":[{"start":{"line":27,"column":48},"end":{"line":27,"column":53}},{"start":{"line":27,"column":56},"end":{"line":27,"column":61}}],"line":27},"1":{"loc":{"start":{"line":34,"column":48},"end":{"line":34,"column":96}},"type":"binary-expr","locations":[{"start":{"line":34,"column":48},"end":{"line":34,"column":68}},{"start":{"line":34,"column":72},"end":{"line":34,"column":96}}],"line":34}},"s":{"0":0,"1":0,"2":0,"3":0,"4":0,"5":0,"6":0,"7":0,"8":0},"f":{"0":0,"1":0,"2":0},"b":{"0":[0,0],"1":[0,0]}}
,"/Users/yuruluo/Desktop/OnchainWalletDemoExpo/scripts/reset-project.js": {"path":"/Users/yuruluo/Desktop/OnchainWalletDemoExpo/scripts/reset-project.js","statementMap":{"0":{"start":{"line":9,"column":11},"end":{"line":9,"column":24}},"1":{"start":{"line":10,"column":13},"end":{"line":10,"column":28}},"2":{"start":{"line":11,"column":17},"end":{"line":11,"column":36}},"3":{"start":{"line":13,"column":13},"end":{"line":13,"column":26}},"4":{"start":{"line":14,"column":16},"end":{"line":14,"column":70}},"5":{"start":{"line":15,"column":19},"end":{"line":15,"column":32}},"6":{"start":{"line":16,"column":18},"end":{"line":16,"column":23}},"7":{"start":{"line":17,"column":23},"end":{"line":17,"column":50}},"8":{"start":{"line":19,"column":21},"end":{"line":34,"column":1}},"9":{"start":{"line":36,"column":22},"end":{"line":41,"column":1}},"10":{"start":{"line":43,"column":11},"end":{"line":46,"column":2}},"11":{"start":{"line":48,"column":24},"end":{"line":99,"column":1}},"12":{"start":{"line":49,"column":2},"end":{"line":98,"column":3}},"13":{"start":{"line":50,"column":4},"end":{"line":54,"column":5}},"14":{"start":{"line":52,"column":6},"end":{"line":52,"column":67}},"15":{"start":{"line":53,"column":6},"end":{"line":53,"column":58}},"16":{"start":{"line":57,"column":4},"end":{"line":71,"column":5}},"17":{"start":{"line":58,"column":25},"end":{"line":58,"column":45}},"18":{"start":{"line":59,"column":6},"end":{"line":70,"column":7}},"19":{"start":{"line":60,"column":8},"end":{"line":67,"column":9}},"20":{"start":{"line":61,"column":29},"end":{"line":61,"column":61}},"21":{"start":{"line":62,"column":10},"end":{"line":62,"column":59}},"22":{"start":{"line":63,"column":10},"end":{"line":63,"column":68}},"23":{"start":{"line":65,"column":10},"end":{"line":65,"column":77}},"24":{"start":{"line":66,"column":10},"end":{"line":66,"column":44}},"25":{"start":{"line":69,"column":8},"end":{"line":69,"column":60}},"26":{"start":{"line":74,"column":26},"end":{"line":74,"column":52}},"27":{"start":{"line":75,"column":4},"end":{"line":75,"column":64}},"28":{"start":{"line":76,"column":4},"end":{"line":76,"column":52}},"29":{"start":{"line":79,"column":22},"end":{"line":79,"column":59}},"30":{"start":{"line":80,"column":4},"end":{"line":80,"column":57}},"31":{"start":{"line":81,"column":4},"end":{"line":81,"column":45}},"32":{"start":{"line":84,"column":23},"end":{"line":84,"column":62}},"33":{"start":{"line":85,"column":4},"end":{"line":85,"column":59}},"34":{"start":{"line":86,"column":4},"end":{"line":86,"column":47}},"35":{"start":{"line":88,"column":4},"end":{"line":88,"column":59}},"36":{"start":{"line":89,"column":4},"end":{"line":95,"column":6}},"37":{"start":{"line":97,"column":4},"end":{"line":97,"column":71}},"38":{"start":{"line":101,"column":0},"end":{"line":112,"column":2}},"39":{"start":{"line":104,"column":22},"end":{"line":104,"column":56}},"40":{"start":{"line":105,"column":4},"end":{"line":110,"column":5}},"41":{"start":{"line":106,"column":6},"end":{"line":106,"column":59}},"42":{"start":{"line":106,"column":47},"end":{"line":106,"column":57}},"43":{"start":{"line":108,"column":6},"end":{"line":108,"column":63}},"44":{"start":{"line":109,"column":6},"end":{"line":109,"column":17}}},"fnMap":{"0":{"name":"(anonymous_0)","decl":{"start":{"line":48,"column":24},"end":{"line":48,"column":25}},"loc":{"start":{"line":48,"column":45},"end":{"line":99,"column":1}},"line":48},"1":{"name":"(anonymous_1)","decl":{"start":{"line":103,"column":2},"end":{"line":103,"column":3}},"loc":{"start":{"line":103,"column":14},"end":{"line":111,"column":3}},"line":103},"2":{"name":"(anonymous_2)","decl":{"start":{"line":106,"column":41},"end":{"line":106,"column":42}},"loc":{"start":{"line":106,"column":47},"end":{"line":106,"column":57}},"line":106}},"branchMap":{"0":{"loc":{"start":{"line":50,"column":4},"end":{"line":54,"column":5}},"type":"if","locations":[{"start":{"line":50,"column":4},"end":{"line":54,"column":5}},{"start":{},"end":{}}],"line":50},"1":{"loc":{"start":{"line":59,"column":6},"end":{"line":70,"column":7}},"type":"if","locations":[{"start":{"line":59,"column":6},"end":{"line":70,"column":7}},{"start":{"line":68,"column":13},"end":{"line":70,"column":7}}],"line":59},"2":{"loc":{"start":{"line":60,"column":8},"end":{"line":67,"column":9}},"type":"if","locations":[{"start":{"line":60,"column":8},"end":{"line":67,"column":9}},{"start":{"line":64,"column":15},"end":{"line":67,"column":9}}],"line":60},"3":{"loc":{"start":{"line":91,"column":8},"end":{"line":93,"column":14}},"type":"cond-expr","locations":[{"start":{"line":92,"column":12},"end":{"line":92,"column":87}},{"start":{"line":93,"column":12},"end":{"line":93,"column":14}}],"line":91},"4":{"loc":{"start":{"line":104,"column":22},"end":{"line":104,"column":56}},"type":"binary-expr","locations":[{"start":{"line":104,"column":22},"end":{"line":104,"column":49}},{"start":{"line":104,"column":53},"end":{"line":104,"column":56}}],"line":104},"5":{"loc":{"start":{"line":105,"column":4},"end":{"line":110,"column":5}},"type":"if","locations":[{"start":{"line":105,"column":4},"end":{"line":110,"column":5}},{"start":{"line":107,"column":11},"end":{"line":110,"column":5}}],"line":105},"6":{"loc":{"start":{"line":105,"column":8},"end":{"line":105,"column":46}},"type":"binary-expr","locations":[{"start":{"line":105,"column":8},"end":{"line":105,"column":25}},{"start":{"line":105,"column":29},"end":{"line":105,"column":46}}],"line":105}},"s":{"0":0,"1":0,"2":0,"3":0,"4":0,"5":0,"6":0,"7":0,"8":0,"9":0,"10":0,"11":0,"12":0,"13":0,"14":0,"15":0,"16":0,"17":0,"18":0,"19":0,"20":0,"21":0,"22":0,"23":0,"24":0,"25":0,"26":0,"27":0,"28":0,"29":0,"30":0,"31":0,"32":0,"33":0,"34":0,"35":0,"36":0,"37":0,"38":0,"39":0,"40":0,"41":0,"42":0,"43":0,"44":0},"f":{"0":0,"1":0,"2":0},"b":{"0":[0,0],"1":[0,0],"2":[0,0],"3":[0,0],"4":[0,0],"5":[0,0],"6":[0,0]}}
,"/Users/yuruluo/Desktop/OnchainWalletDemoExpo/utils/CurrencyParser.ts": {"path":"/Users/yuruluo/Desktop/OnchainWalletDemoExpo/utils/CurrencyParser.ts","statementMap":{"0":{"start":{"line":5,"column":2},"end":{"line":7,"column":3}},"1":{"start":{"line":6,"column":4},"end":{"line":6,"column":15}},"2":{"start":{"line":9,"column":2},"end":{"line":9,"column":48}},"3":{"start":{"line":16,"column":2},"end":{"line":28,"column":3}},"4":{"start":{"line":17,"column":21},"end":{"line":17,"column":38}},"5":{"start":{"line":18,"column":4},"end":{"line":20,"column":5}},"6":{"start":{"line":19,"column":6},"end":{"line":19,"column":20}},"7":{"start":{"line":22,"column":4},"end":{"line":25,"column":7}},"8":{"start":{"line":27,"column":4},"end":{"line":27,"column":18}}},"fnMap":{"0":{"name":"calculateTotalValue","decl":{"start":{"line":4,"column":16},"end":{"line":4,"column":35}},"loc":{"start":{"line":4,"column":74},"end":{"line":10,"column":1}},"line":4},"1":{"name":"formatCurrencyValue","decl":{"start":{"line":15,"column":16},"end":{"line":15,"column":35}},"loc":{"start":{"line":15,"column":59},"end":{"line":29,"column":1}},"line":15}},"branchMap":{"0":{"loc":{"start":{"line":5,"column":2},"end":{"line":7,"column":3}},"type":"if","locations":[{"start":{"line":5,"column":2},"end":{"line":7,"column":3}},{"start":{},"end":{}}],"line":5},"1":{"loc":{"start":{"line":5,"column":6},"end":{"line":5,"column":66}},"type":"binary-expr","locations":[{"start":{"line":5,"column":6},"end":{"line":5,"column":13}},{"start":{"line":5,"column":17},"end":{"line":5,"column":22}},{"start":{"line":5,"column":26},"end":{"line":5,"column":39}},{"start":{"line":5,"column":43},"end":{"line":5,"column":66}}],"line":5},"2":{"loc":{"start":{"line":18,"column":4},"end":{"line":20,"column":5}},"type":"if","locations":[{"start":{"line":18,"column":4},"end":{"line":20,"column":5}},{"start":{},"end":{}}],"line":18}},"s":{"0":5,"1":3,"2":2,"3":6,"4":6,"5":6,"6":2,"7":4,"8":0},"f":{"0":5,"1":6},"b":{"0":[3,2],"1":[5,3,2,2],"2":[2,4]},"_coverageSchema":"1a1c01bbd47fc00a2c39e90264f33305004495a9","hash":"0793a3b1ffd6badf65d71cc162826532aad283bc"}
}
