TN:
SF:expo-env.d.ts
FNF:0
FNH:0
LF:0
LH:0
BRF:0
BRH:0
end_of_record
TN:
SF:jest.config.js
FNF:0
FNH:0
DA:1,0
LF:1
LH:0
BRF:0
BRH:0
end_of_record
TN:
SF:.expo/types/router.d.ts
FNF:0
FNH:0
LF:0
LH:0
BRF:0
BRH:0
end_of_record
TN:
SF:__tests__/AssetsScreen.test.tsx
FN:7,(anonymous_0)
FN:8,(anonymous_1)
FN:9,(anonymous_2)
FN:13,(anonymous_3)
FN:18,(anonymous_4)
FN:36,(anonymous_5)
FN:37,(anonymous_6)
FN:46,(anonymous_7)
FN:51,(anonymous_8)
FN:52,(anonymous_9)
FN:56,(anonymous_10)
FN:59,(anonymous_11)
FN:60,(anonymous_12)
FN:65,(anonymous_13)
FN:69,(anonymous_14)
FN:82,(anonymous_15)
FNF:16
FNH:0
FNDA:0,(anonymous_0)
FNDA:0,(anonymous_1)
FNDA:0,(anonymous_2)
FNDA:0,(anonymous_3)
FNDA:0,(anonymous_4)
FNDA:0,(anonymous_5)
FNDA:0,(anonymous_6)
FNDA:0,(anonymous_7)
FNDA:0,(anonymous_8)
FNDA:0,(anonymous_9)
FNDA:0,(anonymous_10)
FNDA:0,(anonymous_11)
FNDA:0,(anonymous_12)
FNDA:0,(anonymous_13)
FNDA:0,(anonymous_14)
FNDA:0,(anonymous_15)
DA:7,0
DA:8,0
DA:9,0
DA:13,0
DA:14,0
DA:16,0
DA:18,0
DA:32,0
DA:35,0
DA:36,0
DA:37,0
DA:38,0
DA:40,0
DA:42,0
DA:46,0
DA:47,0
DA:51,0
DA:52,0
DA:53,0
DA:56,0
DA:59,0
DA:60,0
DA:61,0
DA:62,0
DA:65,0
DA:66,0
DA:69,0
DA:70,0
DA:73,0
DA:76,0
DA:77,0
DA:78,0
DA:79,0
DA:82,0
DA:84,0
DA:86,0
DA:89,0
DA:92,0
DA:93,0
DA:94,0
DA:95,0
LF:41
LH:0
BRDA:38,0,0,0
BRDA:38,0,1,0
BRDA:38,1,0,0
BRDA:38,1,1,0
BRDA:51,2,0,0
BRF:5
BRH:0
end_of_record
TN:
SF:app/+not-found.tsx
FN:7,NotFoundScreen
FNF:1
FNH:0
FNDA:0,NotFoundScreen
DA:8,0
DA:21,0
LF:2
LH:0
BRF:0
BRH:0
end_of_record
TN:
SF:app/_layout.tsx
FN:15,RootLayout
FN:21,(anonymous_1)
FNF:2
FNH:0
FNDA:0,RootLayout
FNDA:0,(anonymous_1)
DA:13,0
DA:16,0
DA:17,0
DA:21,0
DA:22,0
DA:23,0
DA:27,0
DA:28,0
DA:31,0
LF:9
LH:0
BRDA:22,0,0,0
BRDA:22,0,1,0
BRDA:27,1,0,0
BRDA:27,1,1,0
BRDA:33,2,0,0
BRDA:33,2,1,0
BRF:6
BRH:0
end_of_record
TN:
SF:app/index.js
FN:3,Index
FNF:1
FNH:0
FNDA:0,Index
DA:5,0
LF:1
LH:0
BRF:0
BRH:0
end_of_record
TN:
SF:app/settings.tsx
FN:9,SettingsScreen
FN:12,(anonymous_1)
FN:13,(anonymous_2)
FN:28,(anonymous_3)
FNF:4
FNH:4
FNDA:8,SettingsScreen
FNDA:5,(anonymous_1)
FNDA:5,(anonymous_2)
FNDA:2,(anonymous_3)
DA:7,2
DA:10,8
DA:12,8
DA:13,5
DA:14,5
DA:16,5
DA:17,4
DA:18,4
DA:21,1
DA:25,5
DA:28,8
DA:29,2
DA:30,2
DA:33,2
DA:35,2
DA:36,2
DA:38,0
DA:42,8
DA:66,2
LF:19
LH:18
BRDA:17,0,0,4
BRDA:17,0,1,0
BRDA:30,1,0,2
BRDA:30,1,1,0
BRDA:49,2,0,3
BRDA:49,2,1,5
BRDA:56,3,0,3
BRDA:56,3,1,5
BRF:8
BRH:6
end_of_record
TN:
SF:app/(tabs)/_layout.tsx
FN:11,TabLayout
FN:36,(anonymous_1)
FNF:2
FNH:0
FNDA:0,TabLayout
FNDA:0,(anonymous_1)
DA:12,0
DA:14,0
DA:36,0
LF:3
LH:0
BRDA:18,0,0,0
BRDA:18,0,1,0
BRF:2
BRH:0
end_of_record
TN:
SF:app/(tabs)/assets.tsx
FN:27,(anonymous_0)
FN:36,(anonymous_1)
FN:41,(anonymous_2)
FN:47,(anonymous_3)
FN:49,(anonymous_4)
FN:65,(anonymous_5)
FN:67,(anonymous_6)
FN:85,AssetsScreen
FN:93,(anonymous_8)
FN:94,(anonymous_9)
FN:112,(anonymous_10)
FN:118,(anonymous_11)
FN:120,(anonymous_12)
FN:126,(anonymous_13)
FN:130,(anonymous_14)
FN:138,(anonymous_15)
FN:142,(anonymous_16)
FN:149,(anonymous_17)
FN:165,(anonymous_18)
FN:195,(anonymous_19)
FN:196,(anonymous_20)
FN:200,(anonymous_21)
FN:208,(anonymous_22)
FN:242,(anonymous_23)
FN:258,(anonymous_24)
FN:266,(anonymous_25)
FN:274,(anonymous_26)
FN:312,(anonymous_27)
FNF:28
FNH:9
FNDA:7,(anonymous_0)
FNDA:7,(anonymous_1)
FNDA:0,(anonymous_2)
FNDA:0,(anonymous_3)
FNDA:0,(anonymous_4)
FNDA:0,(anonymous_5)
FNDA:0,(anonymous_6)
FNDA:3,AssetsScreen
FNDA:2,(anonymous_8)
FNDA:2,(anonymous_9)
FNDA:2,(anonymous_10)
FNDA:1,(anonymous_11)
FNDA:0,(anonymous_12)
FNDA:1,(anonymous_13)
FNDA:2,(anonymous_14)
FNDA:0,(anonymous_15)
FNDA:0,(anonymous_16)
FNDA:0,(anonymous_17)
FNDA:0,(anonymous_18)
FNDA:0,(anonymous_19)
FNDA:0,(anonymous_20)
FNDA:0,(anonymous_21)
FNDA:0,(anonymous_22)
FNDA:0,(anonymous_23)
FNDA:0,(anonymous_24)
FNDA:0,(anonymous_25)
FNDA:0,(anonymous_26)
FNDA:0,(anonymous_27)
DA:13,1
DA:16,1
DA:27,1
DA:29,7
DA:33,1
DA:36,1
DA:37,7
DA:41,1
DA:42,0
DA:43,0
DA:44,0
DA:47,0
DA:49,0
DA:52,0
DA:53,0
DA:55,0
DA:65,0
DA:67,0
DA:70,0
DA:71,0
DA:73,0
DA:82,0
DA:87,3
DA:88,2
DA:89,2
DA:90,2
DA:93,2
DA:94,2
DA:95,2
DA:96,2
DA:97,2
DA:98,1
DA:99,1
DA:102,0
DA:107,2
DA:110,2
DA:112,2
DA:113,2
DA:118,2
DA:120,1
DA:121,0
DA:122,0
DA:123,0
DA:126,1
DA:130,2
DA:131,2
DA:132,0
DA:133,0
DA:138,2
DA:139,0
DA:143,0
DA:149,0
DA:165,2
DA:166,0
DA:195,2
DA:196,0
DA:200,2
DA:201,0
DA:202,0
DA:205,0
DA:208,0
DA:209,0
DA:210,0
DA:211,0
DA:212,0
DA:213,0
DA:215,0
DA:218,0
DA:242,2
DA:243,0
DA:258,0
DA:266,2
DA:267,0
DA:274,2
DA:275,0
DA:282,2
DA:283,2
DA:291,0
DA:312,0
DA:329,1
LF:80
LH:38
BRDA:42,0,0,0
BRDA:42,0,1,0
BRDA:43,1,0,0
BRDA:43,1,1,0
BRDA:44,2,0,0
BRDA:44,2,1,0
BRDA:52,3,0,0
BRDA:52,3,1,0
BRDA:59,4,0,0
BRDA:59,4,1,0
BRDA:60,5,0,0
BRDA:60,5,1,0
BRDA:70,6,0,0
BRDA:70,6,1,0
BRDA:77,7,0,0
BRDA:77,7,1,0
BRDA:78,8,0,0
BRDA:78,8,1,0
BRDA:97,9,0,1
BRDA:97,9,1,1
BRDA:97,10,0,2
BRDA:97,10,1,2
BRDA:122,11,0,0
BRDA:122,11,1,0
BRDA:131,12,0,0
BRDA:131,12,1,2
BRDA:133,13,0,0
BRDA:133,13,1,0
BRDA:147,14,0,0
BRDA:147,14,1,0
BRDA:153,15,0,0
BRDA:153,15,1,0
BRDA:196,16,0,0
BRDA:196,16,1,0
BRDA:205,17,0,0
BRDA:205,17,1,0
BRDA:210,18,0,0
BRDA:210,18,1,0
BRDA:212,19,0,0
BRDA:212,19,1,0
BRDA:227,20,0,0
BRDA:227,20,1,0
BRDA:228,21,0,0
BRDA:228,21,1,0
BRDA:282,22,0,2
BRDA:282,22,1,0
BRDA:308,23,0,0
BRDA:308,23,1,0
BRDA:319,24,0,0
BRDA:319,24,1,0
BRF:50
BRH:6
end_of_record
TN:
SF:components/Collapsible.tsx
FN:10,Collapsible
FN:18,(anonymous_1)
FN:18,(anonymous_2)
FNF:3
FNH:0
FNDA:0,Collapsible
FNDA:0,(anonymous_1)
FNDA:0,(anonymous_2)
DA:11,0
DA:12,0
DA:14,0
DA:18,0
DA:35,0
LF:5
LH:0
BRDA:12,0,0,0
BRDA:12,0,1,0
BRDA:24,1,0,0
BRDA:24,1,1,0
BRDA:25,2,0,0
BRDA:25,2,1,0
BRDA:30,3,0,0
BRDA:30,3,1,0
BRF:8
BRH:0
end_of_record
TN:
SF:components/ExternalLink.tsx
FN:8,ExternalLink
FN:14,(anonymous_1)
FNF:2
FNH:0
FNDA:0,ExternalLink
FNDA:0,(anonymous_1)
DA:9,0
DA:15,0
DA:17,0
DA:19,0
LF:4
LH:0
BRDA:15,0,0,0
BRDA:15,0,1,0
BRF:2
BRH:0
end_of_record
TN:
SF:components/HapticTab.tsx
FN:5,HapticTab
FN:9,(anonymous_1)
FNF:2
FNH:0
FNDA:0,HapticTab
FNDA:0,(anonymous_1)
DA:6,0
DA:10,0
DA:12,0
DA:14,0
LF:4
LH:0
BRDA:10,0,0,0
BRDA:10,0,1,0
BRF:2
BRH:0
end_of_record
TN:
SF:components/HelloWave.tsx
FN:13,HelloWave
FN:16,(anonymous_1)
FN:23,(anonymous_2)
FNF:3
FNH:0
FNDA:0,HelloWave
FNDA:0,(anonymous_1)
FNDA:0,(anonymous_2)
DA:14,0
DA:16,0
DA:17,0
DA:23,0
DA:27,0
DA:34,0
LF:6
LH:0
BRF:0
BRH:0
end_of_record
TN:
SF:components/ParallaxScrollView.tsx
FN:21,ParallaxScrollView
FN:30,(anonymous_1)
FNF:2
FNH:0
FNDA:0,ParallaxScrollView
FNDA:0,(anonymous_1)
DA:14,0
DA:26,0
DA:27,0
DA:28,0
DA:29,0
DA:30,0
DA:31,0
DA:47,0
DA:68,0
LF:9
LH:0
BRDA:26,0,0,0
BRDA:26,0,1,0
BRF:2
BRH:0
end_of_record
TN:
SF:components/Themed.tsx
FNF:0
FNH:0
LF:0
LH:0
BRF:0
BRH:0
end_of_record
TN:
SF:components/ThemedText.tsx
FN:11,ThemedText
FNF:1
FNH:1
FNDA:1,ThemedText
DA:18,1
DA:20,1
DA:36,1
LF:3
LH:3
BRDA:15,0,0,1
BRDA:24,1,0,1
BRDA:24,1,1,0
BRDA:25,2,0,0
BRDA:25,2,1,1
BRDA:26,3,0,0
BRDA:26,3,1,1
BRDA:27,4,0,0
BRDA:27,4,1,1
BRDA:28,5,0,0
BRDA:28,5,1,1
BRF:11
BRH:6
end_of_record
TN:
SF:components/ThemedView.tsx
FN:10,ThemedView
FNF:1
FNH:0
FNDA:0,ThemedView
DA:11,0
DA:13,0
LF:2
LH:0
BRF:0
BRH:0
end_of_record
TN:
SF:components/ui/IconSymbol.ios.tsx
FN:4,IconSymbol
FNF:1
FNH:0
FNDA:0,IconSymbol
DA:17,0
LF:1
LH:0
BRDA:6,0,0,0
BRDA:9,1,0,0
BRF:2
BRH:0
end_of_record
TN:
SF:components/ui/IconSymbol.tsx
FN:33,IconSymbol
FNF:1
FNH:0
FNDA:0,IconSymbol
DA:9,0
DA:45,0
LF:2
LH:0
BRDA:35,0,0,0
BRF:1
BRH:0
end_of_record
TN:
SF:components/ui/TabBarBackground.ios.tsx
FN:6,BlurTabBarBackground
FN:18,useBottomTabOverflow
FNF:2
FNH:0
FNDA:0,BlurTabBarBackground
FNDA:0,useBottomTabOverflow
DA:7,0
DA:19,0
DA:20,0
DA:21,0
LF:4
LH:0
BRF:0
BRH:0
end_of_record
TN:
SF:components/ui/TabBarBackground.tsx
FN:4,useBottomTabOverflow
FNF:1
FNH:0
FNDA:0,useBottomTabOverflow
DA:5,0
LF:1
LH:0
BRF:0
BRH:0
end_of_record
TN:
SF:constants/Colors.ts
FNF:0
FNH:0
DA:6,1
DA:7,1
DA:9,1
LF:3
LH:3
BRF:0
BRH:0
end_of_record
TN:
SF:hooks/useColorScheme.ts
FNF:0
FNH:0
LF:0
LH:0
BRF:0
BRH:0
end_of_record
TN:
SF:hooks/useColorScheme.web.ts
FN:7,useColorScheme
FN:10,(anonymous_1)
FNF:2
FNH:0
FNDA:0,useColorScheme
FNDA:0,(anonymous_1)
DA:8,0
DA:10,0
DA:11,0
DA:14,0
DA:16,0
DA:17,0
DA:20,0
LF:7
LH:0
BRDA:16,0,0,0
BRDA:16,0,1,0
BRF:2
BRH:0
end_of_record
TN:
SF:hooks/useCurrencyContext.tsx
FN:18,(anonymous_0)
FN:23,(anonymous_1)
FN:24,(anonymous_2)
FN:39,(anonymous_3)
FN:42,(anonymous_4)
FN:46,(anonymous_5)
FN:52,(anonymous_6)
FN:60,(anonymous_7)
FN:64,(anonymous_8)
FN:68,(anonymous_9)
FN:72,(anonymous_10)
FN:73,(anonymous_11)
FN:83,(anonymous_12)
FN:99,(anonymous_13)
FNF:14
FNH:0
FNDA:0,(anonymous_0)
FNDA:0,(anonymous_1)
FNDA:0,(anonymous_2)
FNDA:0,(anonymous_3)
FNDA:0,(anonymous_4)
FNDA:0,(anonymous_5)
FNDA:0,(anonymous_6)
FNDA:0,(anonymous_7)
FNDA:0,(anonymous_8)
FNDA:0,(anonymous_9)
FNDA:0,(anonymous_10)
FNDA:0,(anonymous_11)
FNDA:0,(anonymous_12)
FNDA:0,(anonymous_13)
DA:16,0
DA:18,0
DA:19,0
DA:20,0
DA:23,0
DA:24,0
DA:25,0
DA:26,0
DA:27,0
DA:28,0
DA:30,0
DA:35,0
DA:39,0
DA:40,0
DA:42,0
DA:43,0
DA:46,0
DA:47,0
DA:52,0
DA:53,0
DA:54,0
DA:55,0
DA:56,0
DA:58,0
DA:60,0
DA:64,0
DA:68,0
DA:69,0
DA:70,0
DA:72,0
DA:73,0
DA:74,0
DA:83,0
DA:84,0
DA:87,0
DA:99,0
DA:100,0
DA:101,0
DA:102,0
DA:104,0
LF:40
LH:0
BRDA:25,0,0,0
BRDA:25,0,1,0
BRDA:40,1,0,0
BRDA:40,1,1,0
BRDA:53,2,0,0
BRDA:53,2,1,0
BRDA:60,3,0,0
BRDA:60,3,1,0
BRDA:64,4,0,0
BRDA:64,4,1,0
BRDA:70,5,0,0
BRDA:70,5,1,0
BRDA:76,6,0,0
BRDA:76,6,1,0
BRDA:78,7,0,0
BRDA:78,7,1,0
BRDA:101,8,0,0
BRDA:101,8,1,0
BRF:18
BRH:0
end_of_record
TN:
SF:hooks/useThemeColor.ts
FN:9,useThemeColor
FNF:1
FNH:1
FNDA:1,useThemeColor
DA:13,1
DA:14,1
DA:16,1
DA:17,0
DA:19,1
LF:5
LH:4
BRDA:13,0,0,1
BRDA:13,0,1,0
BRDA:16,1,0,0
BRDA:16,1,1,1
BRF:4
BRH:2
end_of_record
TN:
SF:hooks/useWalletSettingsModule.ts
FN:22,(anonymous_0)
FN:26,(anonymous_1)
FN:33,useWalletSettingsModule
FN:39,(anonymous_3)
FN:42,(anonymous_4)
FN:47,(anonymous_5)
FN:53,(anonymous_6)
FNF:7
FNH:0
FNDA:0,(anonymous_0)
FNDA:0,(anonymous_1)
FNDA:0,useWalletSettingsModule
FNDA:0,(anonymous_3)
FNDA:0,(anonymous_4)
FNDA:0,(anonymous_5)
FNDA:0,(anonymous_6)
DA:10,0
DA:13,0
DA:21,0
DA:23,0
DA:24,0
DA:27,0
DA:28,0
DA:35,0
DA:36,0
DA:39,0
DA:40,0
DA:41,0
DA:42,0
DA:45,0
DA:48,0
DA:52,0
DA:53,0
DA:57,0
LF:18
LH:0
BRDA:14,0,0,0
BRDA:14,0,1,0
BRDA:36,1,0,0
BRDA:36,1,1,0
BRDA:40,2,0,0
BRDA:40,2,1,0
BRF:6
BRH:0
end_of_record
TN:
SF:modules/settings-module/index.ts
FN:17,(anonymous_0)
FN:21,(anonymous_1)
FN:26,(anonymous_2)
FNF:3
FNH:0
FNDA:0,(anonymous_0)
FNDA:0,(anonymous_1)
FNDA:0,(anonymous_2)
DA:14,0
DA:15,0
DA:18,0
DA:22,0
DA:23,0
DA:27,0
DA:28,0
DA:33,0
DA:34,0
LF:9
LH:0
BRDA:27,0,0,0
BRDA:27,0,1,0
BRDA:34,1,0,0
BRDA:34,1,1,0
BRF:4
BRH:0
end_of_record
TN:
SF:scripts/reset-project.js
FN:48,(anonymous_0)
FN:103,(anonymous_1)
FN:106,(anonymous_2)
FNF:3
FNH:0
FNDA:0,(anonymous_0)
FNDA:0,(anonymous_1)
FNDA:0,(anonymous_2)
DA:9,0
DA:10,0
DA:11,0
DA:13,0
DA:14,0
DA:15,0
DA:16,0
DA:17,0
DA:19,0
DA:36,0
DA:43,0
DA:48,0
DA:49,0
DA:50,0
DA:52,0
DA:53,0
DA:57,0
DA:58,0
DA:59,0
DA:60,0
DA:61,0
DA:62,0
DA:63,0
DA:65,0
DA:66,0
DA:69,0
DA:74,0
DA:75,0
DA:76,0
DA:79,0
DA:80,0
DA:81,0
DA:84,0
DA:85,0
DA:86,0
DA:88,0
DA:89,0
DA:97,0
DA:101,0
DA:104,0
DA:105,0
DA:106,0
DA:108,0
DA:109,0
LF:44
LH:0
BRDA:50,0,0,0
BRDA:50,0,1,0
BRDA:59,1,0,0
BRDA:59,1,1,0
BRDA:60,2,0,0
BRDA:60,2,1,0
BRDA:91,3,0,0
BRDA:91,3,1,0
BRDA:104,4,0,0
BRDA:104,4,1,0
BRDA:105,5,0,0
BRDA:105,5,1,0
BRDA:105,6,0,0
BRDA:105,6,1,0
BRF:14
BRH:0
end_of_record
TN:
SF:utils/CurrencyParser.ts
FN:4,calculateTotalValue
FN:15,formatCurrencyValue
FNF:2
FNH:2
FNDA:5,calculateTotalValue
FNDA:6,formatCurrencyValue
DA:5,5
DA:6,3
DA:9,2
DA:16,6
DA:17,6
DA:18,6
DA:19,2
DA:22,4
DA:27,0
LF:9
LH:8
BRDA:5,0,0,3
BRDA:5,0,1,2
BRDA:5,1,0,5
BRDA:5,1,1,3
BRDA:5,1,2,2
BRDA:5,1,3,2
BRDA:18,2,0,2
BRDA:18,2,1,4
BRF:8
BRH:8
end_of_record
